#
# A fatal error has been detected by the Java Runtime Environment:
#
#  SIGILL (0x4) at pc=0x00007fff39cb51fe, pid=17014, tid=9987
#
# JRE version: Java(TM) SE Runtime Environment (13.0.1+9) (build 13.0.1+9)
# Java VM: Java HotSpot(TM) 64-Bit Server VM (13.0.1+9, mixed mode, sharing, tiered, compressed oops, g1 gc, bsd-amd64)
# Problematic frame:
# C  [CoreFoundation+0x1b11fe]  _CFRelease.cold.3+0xe
#
# No core dump will be written. Core dumps have been disabled. To enable core dumping, try "ulimit -c unlimited" before starting Java again
#
# If you would like to submit a bug report, please visit:
#   http://bugreport.java.com/bugreport/crash.jsp
# The crash happened outside the Java Virtual Machine in native code.
# See problematic frame for where to report the bug.
#

---------------  S U M M A R Y ------------

Command Line: -Djava.library.path=lib -javaagent:/Applications/IntelliJ IDEA CE.app/Contents/lib/idea_rt.jar=51361:/Applications/IntelliJ IDEA CE.app/Contents/bin -Dfile.encoding=UTF-8 fr.rphstudio.chess.launcher.MainLauncher

Host: MacBookPro14,1 x86_64 2300 MHz, 4 cores, 8G, Darwin 19.0.0
Time: Wed Feb 12 13:09:57 2020 CET elapsed time: 0 seconds (0d 0h 0m 0s)

---------------  T H R E A D  ---------------

Current thread (0x00007fb0e4013000):  JavaThread "main" [_thread_in_native, id=9987, stack(0x000070000fc36000,0x000070000fd36000)]

Stack: [0x000070000fc36000,0x000070000fd36000],  sp=0x000070000fd35298,  free space=1020k
Native frames: (J=compiled Java code, A=aot compiled Java code, j=interpreted, Vv=VM code, C=native code)
C  [CoreFoundation+0x1b11fe]  _CFRelease.cold.3+0xe
C  [libobjc.A.dylib+0x224ea]  _ZN19AutoreleasePoolPage12releaseUntilEPP11objc_object+0x86
C  [libobjc.A.dylib+0x8440]  objc_autoreleasePoolPop+0xaf
C  [CoreFoundation+0xc86e]  _CFAutoreleasePoolPop+0x16
C  [Foundation+0x3de5]  -[NSAutoreleasePool release]+0x81
j  org.lwjgl.opengl.MacOSXContextImplementation.setView(Ljava/nio/ByteBuffer;Ljava/nio/ByteBuffer;)V+0
j  org.lwjgl.opengl.MacOSXContextImplementation.makeCurrent(Lorg/lwjgl/opengl/PeerInfo;Ljava/nio/ByteBuffer;)V+7
j  org.lwjgl.opengl.ContextGL.makeCurrent()V+46
j  org.lwjgl.opengl.DrawableGL.makeCurrent()V+14
j  org.lwjgl.opengl.Display.makeCurrent()V+3
j  org.lwjgl.opengl.Display.makeCurrentAndSetSwapInterval()V+0
j  org.lwjgl.opengl.Display.create(Lorg/lwjgl/opengl/PixelFormat;Lorg/lwjgl/opengl/Drawable;Lorg/lwjgl/opengl/ContextAttribs;)V+108
j  org.lwjgl.opengl.Display.create(Lorg/lwjgl/opengl/PixelFormat;)V+12
j  org.newdawn.slick.AppGameContainer.tryCreateDisplay(Lorg/lwjgl/opengl/PixelFormat;)V+7
j  org.newdawn.slick.AppGameContainer.access$000(Lorg/newdawn/slick/AppGameContainer;Lorg/lwjgl/opengl/PixelFormat;)V+2
j  org.newdawn.slick.AppGameContainer$2.run()Ljava/lang/Object;+36
j  java.security.AccessController.executePrivileged(Ljava/security/PrivilegedAction;Ljava/security/AccessControlContext;Ljava/lang/Class;)Ljava/lang/Object;+29 java.base@13.0.1
j  java.security.AccessController.doPrivileged(Ljava/security/PrivilegedAction;)Ljava/lang/Object;+5 java.base@13.0.1
j  org.newdawn.slick.AppGameContainer.setup()V+112
j  org.newdawn.slick.AppGameContainer.start()V+1
j  fr.rphstudio.chess.launcher.MainLauncher.main([Ljava/lang/String;)V+29
v  ~StubRoutines::call_stub
V  [libjvm.dylib+0x39910f]  _ZN9JavaCalls11call_helperEP9JavaValueRK12methodHandleP17JavaCallArgumentsP6Thread+0x285
V  [libjvm.dylib+0x3da7c1]  _ZL17jni_invoke_staticP7JNIEnv_P9JavaValueP8_jobject11JNICallTypeP10_jmethodIDP18JNI_ArgumentPusherP6Thread+0x11c
V  [libjvm.dylib+0x3ddf84]  jni_CallStaticVoidMethod+0x1c9
C  [libjli.dylib+0x4a66]  JavaMain+0xab4
C  [libjli.dylib+0x6d64]  ThreadJavaMain+0x9
C  [libsystem_pthread.dylib+0x5d36]  _pthread_start+0x7d
C  [libsystem_pthread.dylib+0x258f]  thread_start+0xf

Java frames: (J=compiled Java code, j=interpreted, Vv=VM code)
j  org.lwjgl.opengl.MacOSXContextImplementation.setView(Ljava/nio/ByteBuffer;Ljava/nio/ByteBuffer;)V+0
j  org.lwjgl.opengl.MacOSXContextImplementation.makeCurrent(Lorg/lwjgl/opengl/PeerInfo;Ljava/nio/ByteBuffer;)V+7
j  org.lwjgl.opengl.ContextGL.makeCurrent()V+46
j  org.lwjgl.opengl.DrawableGL.makeCurrent()V+14
j  org.lwjgl.opengl.Display.makeCurrent()V+3
j  org.lwjgl.opengl.Display.makeCurrentAndSetSwapInterval()V+0
j  org.lwjgl.opengl.Display.create(Lorg/lwjgl/opengl/PixelFormat;Lorg/lwjgl/opengl/Drawable;Lorg/lwjgl/opengl/ContextAttribs;)V+108
j  org.lwjgl.opengl.Display.create(Lorg/lwjgl/opengl/PixelFormat;)V+12
j  org.newdawn.slick.AppGameContainer.tryCreateDisplay(Lorg/lwjgl/opengl/PixelFormat;)V+7
j  org.newdawn.slick.AppGameContainer.access$000(Lorg/newdawn/slick/AppGameContainer;Lorg/lwjgl/opengl/PixelFormat;)V+2
j  org.newdawn.slick.AppGameContainer$2.run()Ljava/lang/Object;+36
j  java.security.AccessController.executePrivileged(Ljava/security/PrivilegedAction;Ljava/security/AccessControlContext;Ljava/lang/Class;)Ljava/lang/Object;+29 java.base@13.0.1
j  java.security.AccessController.doPrivileged(Ljava/security/PrivilegedAction;)Ljava/lang/Object;+5 java.base@13.0.1
j  org.newdawn.slick.AppGameContainer.setup()V+112
j  org.newdawn.slick.AppGameContainer.start()V+1
j  fr.rphstudio.chess.launcher.MainLauncher.main([Ljava/lang/String;)V+29
v  ~StubRoutines::call_stub

siginfo: si_signo: 4 (SIGILL), si_code: 1 (ILL_ILLOPC), si_addr: 0x00007fff39cb51fe

Register to memory mapping:

RAX=0x00007fff39e9f294: _XMLPlistAppendDataUsingBase64.__CFPLDataEncodeTable+0x2054 in /System/Library/Frameworks/CoreFoundation.framework/Versions/A/CoreFoundation at 0x00007fff39b04000
RBX=0x0000000000601480 is an unknown value
RCX=0x00007fb0e388b168 points into unknown readable memory: a3 a3 a3 a3 a3 a3 a3 a3
RDX=0x0000000000000005 is an unknown value
RSP=0x000070000fd35298 is pointing into the stack for thread: 0x00007fb0e4013000
RBP=0x000070000fd352f0 is pointing into the stack for thread: 0x00007fb0e4013000
RSI=0x00007fff7ae0ff0a: GCC_except_table733+0xb2d8076 in /usr/lib/libobjc.A.dylib at 0x00007fff6fb0a000
RDI=0x00007fb0e24891d0 points into unknown readable memory: a1 8b 95 92 ff ff 1d 00
R8 =0x00000000000130a8 is an unknown value
R9 =0x0 is NULL
R10=0x00007fff92958ba0: OBJC_CLASS_$___NSCFData+0 in /System/Library/Frameworks/CoreFoundation.framework/Versions/A/CoreFoundation at 0x00007fff39b04000
R11=0x00007fff39b698c9: -[__NSCFData release]+0 in /System/Library/Frameworks/CoreFoundation.framework/Versions/A/CoreFoundation at 0x00007fff39b04000
R12=0x0 is NULL
R13=0x0000000124503f38 is pointing into metadata
R14=0x00007fb0e388b100 points into unknown readable memory: 00 00 00 00 00 00 00 00
R15=0xa3a3a3a3a3a3a3a3 is an unknown value


Registers:
RAX=0x00007fff39e9f294, RBX=0x0000000000601480, RCX=0x00007fb0e388b168, RDX=0x0000000000000005
RSP=0x000070000fd35298, RBP=0x000070000fd352f0, RSI=0x00007fff7ae0ff0a, RDI=0x00007fb0e24891d0
R8 =0x00000000000130a8, R9 =0x0000000000000000, R10=0x00007fff92958ba0, R11=0x00007fff39b698c9
R12=0x0000000000000000, R13=0x0000000124503f38, R14=0x00007fb0e388b100, R15=0xa3a3a3a3a3a3a3a3
RIP=0x00007fff39cb51fe, EFLAGS=0x0000000000010207, ERR=0x0000000000000000
  TRAPNO=0x0000000000000006

Top of Stack: (sp=0x000070000fd35298)
0x000070000fd35298:   00007fff39c4043c 0000000000000000
0x000070000fd352a8:   00007fb0e4234800 ffffffffffffffff
0x000070000fd352b8:   00007fb0e27bed40 ae831a387c810000
0x000070000fd352c8:   00007fb0e388b000 0000000000000000
0x000070000fd352d8:   0000000124503f38 00007fb0e388b100
0x000070000fd352e8:   a3a3a3a3a3a3a3a3 000070000fd35320
0x000070000fd352f8:   00007fff6fb2c4ea 0000000000000000
0x000070000fd35308:   00007fb0e388b000 00007fff7ae0ff0a
0x000070000fd35318:   00007fb0e4013000 000070000fd35340
0x000070000fd35328:   00007fff6fb12440 0000000000000000
0x000070000fd35338:   00007fb0e388b100 000070000fd35360
0x000070000fd35348:   00007fff39b1086e 0000000000000000
0x000070000fd35358:   00007fb0e2558e20 000070000fd353a0
0x000070000fd35368:   00007fff3c1cade5 000070000fd353a0
0x000070000fd35378:   00000001294cb804 0000000124503f40
0x000070000fd35388:   ae831a387c810000 0000000124503f40
0x000070000fd35398:   000070000fd35438 000070000fd35410
0x000070000fd353a8:   000000011307bc90 000070000fd35410
0x000070000fd353b8:   000000011307b9de 000000011307b996
0x000070000fd353c8:   000070000fd353c8 0000000124503f38
0x000070000fd353d8:   000070000fd35438 00000001245044e8
0x000070000fd353e8:   0000000000000000 0000000787bcfe60
0x000070000fd353f8:   0000000124503f40 0000000000000000
0x000070000fd35408:   000070000fd35430 000070000fd35488
0x000070000fd35418:   0000000113075fb3 0000000787bcfe60
0x000070000fd35428:   0000000113078bb8 0000000787bdb6c0
0x000070000fd35438:   0000000787b52778 000070000fd35440
0x000070000fd35448:   0000000124503e37 000070000fd354b8
0x000070000fd35458:   00000001245044e8 0000000000000000
0x000070000fd35468:   0000000787bcfe60 0000000124503ea8
0x000070000fd35478:   000070000fd35430 000070000fd354a8
0x000070000fd35488:   000070000fd35518 0000000113075ff8 

Instructions: (pc=0x00007fff39cb51fe)
0x00007fff39cb50fe:   00 48 89 05 2a f9 ca 58 0f 0b 55 48 89 e5 4d 89
0x00007fff39cb510e:   ca 48 89 d0 c6 02 03 66 c7 41 01 03 42 c6 41 03
0x00007fff39cb511e:   08 4c 89 41 04 66 ba 41 08 66 89 51 0c 48 89 79
0x00007fff39cb512e:   0e 66 89 51 16 48 89 71 18 48 8d 3d c2 ee e4 ff
0x00007fff39cb513e:   48 8d 0d db f5 29 00 6a 10 5a 6a 20 41 59 4c 89
0x00007fff39cb514e:   d6 49 89 c0 e8 5b 95 00 00 5d c3 48 8d 05 1f 97
0x00007fff39cb515e:   1e 00 48 89 05 c9 f8 ca 58 0f 0b 0f 1f 80 00 00
0x00007fff39cb516e:   00 00 48 8d 05 aa 9b 1e 00 48 89 05 b2 f8 ca 58
0x00007fff39cb517e:   0f 0b 48 8d 05 c5 9d 1e 00 48 89 05 a2 f8 ca 58
0x00007fff39cb518e:   0f 0b 48 8d 05 b5 9d 1e 00 48 89 05 92 f8 ca 58
0x00007fff39cb519e:   0f 0b 48 8d 05 05 9d 1e 00 48 89 05 82 f8 ca 58
0x00007fff39cb51ae:   0f 0b 48 8d 05 f5 9c 1e 00 48 89 05 72 f8 ca 58
0x00007fff39cb51be:   0f 0b 48 8d 05 7e 9b 1e 00 48 89 05 62 f8 ca 58
0x00007fff39cb51ce:   0f 0b 48 8d 05 d5 9c 1e 00 48 89 05 52 f8 ca 58
0x00007fff39cb51de:   0f 0b 48 8d 05 c5 9c 1e 00 48 89 05 42 f8 ca 58
0x00007fff39cb51ee:   0f 0b 48 8d 05 9d a0 1e 00 48 89 05 32 f8 ca 58
0x00007fff39cb51fe:   0f 0b 48 8d 05 67 9b 1e 00 48 89 05 22 f8 ca 58
0x00007fff39cb520e:   0f 0b 48 8d 05 7c 9b 1e 00 48 89 05 12 f8 ca 58
0x00007fff39cb521e:   0f 0b 48 8d 05 a0 9b 1e 00 48 89 05 02 f8 ca 58
0x00007fff39cb522e:   0f 0b 48 8d 05 ec 9b 1e 00 48 89 05 f2 f7 ca 58
0x00007fff39cb523e:   0f 0b 48 8d 05 39 9c 1e 00 48 89 05 e2 f7 ca 58
0x00007fff39cb524e:   0f 0b 48 8d 05 55 9c 1e 00 48 89 05 d2 f7 ca 58
0x00007fff39cb525e:   0f 0b 48 8d 05 5e 9c 1e 00 48 89 05 c2 f7 ca 58
0x00007fff39cb526e:   0f 0b 48 8d 05 d5 9c 1e 00 48 89 05 b2 f7 ca 58
0x00007fff39cb527e:   0f 0b 48 8d 05 c5 9c 1e 00 48 89 05 a2 f7 ca 58
0x00007fff39cb528e:   0f 0b 48 8d 05 b5 9c 1e 00 48 89 05 92 f7 ca 58
0x00007fff39cb529e:   0f 0b 48 8d 05 a5 9c 1e 00 48 89 05 82 f7 ca 58
0x00007fff39cb52ae:   0f 0b 48 8d 05 41 9c 1e 00 48 89 05 72 f7 ca 58
0x00007fff39cb52be:   0f 0b 48 8d 05 fe 9b 1e 00 48 89 05 62 f7 ca 58
0x00007fff39cb52ce:   0f 0b 48 8d 05 75 9c 1e 00 48 89 05 52 f7 ca 58
0x00007fff39cb52de:   0f 0b 48 8d 05 65 9c 1e 00 48 89 05 42 f7 ca 58
0x00007fff39cb52ee:   0f 0b 48 8d 05 55 9c 1e 00 48 89 05 32 f7 ca 58 


Stack slot to memory mapping:
stack at sp + 0 slots: 0x00007fff39c4043c: _CFRelease+0x4dd in /System/Library/Frameworks/CoreFoundation.framework/Versions/A/CoreFoundation at 0x00007fff39b04000
stack at sp + 1 slots: 0x0 is NULL
stack at sp + 2 slots: 0x00007fb0e4234800 points into unknown readable memory: 00 d0 23 27 01 00 00 00
stack at sp + 3 slots: 0xffffffffffffffff is an unknown value
stack at sp + 4 slots: 0x00007fb0e27bed40 points into unknown readable memory: 4d 75 2e 92 ff ff 3d 00
stack at sp + 5 slots: 0xae831a387c810000 is an unknown value
stack at sp + 6 slots: 0x00007fb0e388b000 points into unknown readable memory: a1 a1 a1 a1 41 55 54 4f
stack at sp + 7 slots: 0x0 is NULL


---------------  P R O C E S S  ---------------

Threads class SMR info:
_java_thread_list=0x00007fb0e2732770, length=12, elements={
0x00007fb0e4013000, 0x00007fb0e3886000, 0x00007fb0e3889000, 0x00007fb0e3887000,
0x00007fb0e388c000, 0x00007fb0e4005800, 0x00007fb0e3073800, 0x00007fb0e4008800,
0x00007fb0e388d000, 0x00007fb0e30f4800, 0x00007fb0e418f800, 0x00007fb0e3128800
}

Java Threads: ( => current thread )
=>0x00007fb0e4013000 JavaThread "main" [_thread_in_native, id=9987, stack(0x000070000fc36000,0x000070000fd36000)]
  0x00007fb0e3886000 JavaThread "Reference Handler" daemon [_thread_blocked, id=14083, stack(0x000070001034b000,0x000070001044b000)]
  0x00007fb0e3889000 JavaThread "Finalizer" daemon [_thread_blocked, id=17667, stack(0x000070001044e000,0x000070001054e000)]
  0x00007fb0e3887000 JavaThread "Signal Dispatcher" daemon [_thread_blocked, id=21763, stack(0x0000700010657000,0x0000700010757000)]
  0x00007fb0e388c000 JavaThread "C2 CompilerThread0" daemon [_thread_blocked, id=22019, stack(0x000070001075a000,0x000070001085a000)]
  0x00007fb0e4005800 JavaThread "C1 CompilerThread0" daemon [_thread_blocked, id=22275, stack(0x000070001085d000,0x000070001095d000)]
  0x00007fb0e3073800 JavaThread "Sweeper thread" daemon [_thread_blocked, id=41731, stack(0x0000700010960000,0x0000700010a60000)]
  0x00007fb0e4008800 JavaThread "Common-Cleaner" daemon [_thread_blocked, id=40963, stack(0x0000700010a63000,0x0000700010b63000)]
  0x00007fb0e388d000 JavaThread "Monitor Ctrl-Break" daemon [_thread_in_native, id=40195, stack(0x0000700010b66000,0x0000700010c66000)]
  0x00007fb0e30f4800 JavaThread "Service Thread" daemon [_thread_blocked, id=22531, stack(0x0000700010c69000,0x0000700010d69000)]
  0x00007fb0e418f800 JavaThread "AppKit Thread" daemon [_thread_in_native, id=775, stack(0x00007ffeeb78e000,0x00007ffeebf8e000)]
  0x00007fb0e3128800 JavaThread "AWT-Shutdown" [_thread_blocked, id=30979, stack(0x0000700010ef2000,0x0000700010ff2000)]

Other Threads:
  0x00007fb0e2826000 VMThread "VM Thread" [stack: 0x0000700010248000,0x0000700010348000] [id=18435]
  0x00007fb0e408f000 WatcherThread [stack: 0x0000700010d6c000,0x0000700010e6c000] [id=22787]
  0x00007fb0e3823000 GCTaskThread "GC Thread#0" [stack: 0x000070000fd39000,0x000070000fe39000] [id=20227]
  0x00007fb0e3834000 ConcurrentGCThread "G1 Main Marker" [stack: 0x000070000fe3c000,0x000070000ff3c000] [id=11011]
  0x00007fb0e3834800 ConcurrentGCThread "G1 Conc#0" [stack: 0x000070000ff3f000,0x000070001003f000] [id=19459]
  0x00007fb0e3885800 ConcurrentGCThread "G1 Refine#0" [stack: 0x0000700010042000,0x0000700010142000] [id=12035]
  0x00007fb0e2802000 ConcurrentGCThread "G1 Young RemSet Sampling" [stack: 0x0000700010145000,0x0000700010245000] [id=18947]

Threads with active compile tasks:

VM state:not at safepoint (normal execution)

VM Mutex/Monitor currently owned by a thread: None

Heap address: 0x0000000780000000, size: 2048 MB, Compressed Oops mode: Zero based, Oop shift amount: 3
Narrow klass base: 0x0000000800000000, Narrow klass shift: 3
Compressed class space size: 1073741824 Address: 0x0000000800ae0000

Heap:
 garbage-first heap   total 133120K, used 4856K [0x0000000780000000, 0x0000000800000000)
  region size 1024K, 5 young (5120K), 0 survivors (0K)
 Metaspace       used 2859K, capacity 5241K, committed 5504K, reserved 1056768K
  class space    used 285K, capacity 515K, committed 640K, reserved 1048576K
Heap Regions: E=young(eden), S=young(survivor), O=old, HS=humongous(starts), HC=humongous(continues), CS=collection set, F=free, A=archive, TAMS=top-at-mark-start (previous, next)
|   0|0x0000000780000000, 0x0000000780000000, 0x0000000780100000|  0%| F|  |TAMS 0x0000000780000000, 0x0000000780000000| Untracked 
|   1|0x0000000780100000, 0x0000000780100000, 0x0000000780200000|  0%| F|  |TAMS 0x0000000780100000, 0x0000000780100000| Untracked 
|   2|0x0000000780200000, 0x0000000780200000, 0x0000000780300000|  0%| F|  |TAMS 0x0000000780200000, 0x0000000780200000| Untracked 
|   3|0x0000000780300000, 0x0000000780300000, 0x0000000780400000|  0%| F|  |TAMS 0x0000000780300000, 0x0000000780300000| Untracked 
|   4|0x0000000780400000, 0x0000000780400000, 0x0000000780500000|  0%| F|  |TAMS 0x0000000780400000, 0x0000000780400000| Untracked 
|   5|0x0000000780500000, 0x0000000780500000, 0x0000000780600000|  0%| F|  |TAMS 0x0000000780500000, 0x0000000780500000| Untracked 
|   6|0x0000000780600000, 0x0000000780600000, 0x0000000780700000|  0%| F|  |TAMS 0x0000000780600000, 0x0000000780600000| Untracked 
|   7|0x0000000780700000, 0x0000000780700000, 0x0000000780800000|  0%| F|  |TAMS 0x0000000780700000, 0x0000000780700000| Untracked 
|   8|0x0000000780800000, 0x0000000780800000, 0x0000000780900000|  0%| F|  |TAMS 0x0000000780800000, 0x0000000780800000| Untracked 
|   9|0x0000000780900000, 0x0000000780900000, 0x0000000780a00000|  0%| F|  |TAMS 0x0000000780900000, 0x0000000780900000| Untracked 
|  10|0x0000000780a00000, 0x0000000780a00000, 0x0000000780b00000|  0%| F|  |TAMS 0x0000000780a00000, 0x0000000780a00000| Untracked 
|  11|0x0000000780b00000, 0x0000000780b00000, 0x0000000780c00000|  0%| F|  |TAMS 0x0000000780b00000, 0x0000000780b00000| Untracked 
|  12|0x0000000780c00000, 0x0000000780c00000, 0x0000000780d00000|  0%| F|  |TAMS 0x0000000780c00000, 0x0000000780c00000| Untracked 
|  13|0x0000000780d00000, 0x0000000780d00000, 0x0000000780e00000|  0%| F|  |TAMS 0x0000000780d00000, 0x0000000780d00000| Untracked 
|  14|0x0000000780e00000, 0x0000000780e00000, 0x0000000780f00000|  0%| F|  |TAMS 0x0000000780e00000, 0x0000000780e00000| Untracked 
|  15|0x0000000780f00000, 0x0000000780f00000, 0x0000000781000000|  0%| F|  |TAMS 0x0000000780f00000, 0x0000000780f00000| Untracked 
|  16|0x0000000781000000, 0x0000000781000000, 0x0000000781100000|  0%| F|  |TAMS 0x0000000781000000, 0x0000000781000000| Untracked 
|  17|0x0000000781100000, 0x0000000781100000, 0x0000000781200000|  0%| F|  |TAMS 0x0000000781100000, 0x0000000781100000| Untracked 
|  18|0x0000000781200000, 0x0000000781200000, 0x0000000781300000|  0%| F|  |TAMS 0x0000000781200000, 0x0000000781200000| Untracked 
|  19|0x0000000781300000, 0x0000000781300000, 0x0000000781400000|  0%| F|  |TAMS 0x0000000781300000, 0x0000000781300000| Untracked 
|  20|0x0000000781400000, 0x0000000781400000, 0x0000000781500000|  0%| F|  |TAMS 0x0000000781400000, 0x0000000781400000| Untracked 
|  21|0x0000000781500000, 0x0000000781500000, 0x0000000781600000|  0%| F|  |TAMS 0x0000000781500000, 0x0000000781500000| Untracked 
|  22|0x0000000781600000, 0x0000000781600000, 0x0000000781700000|  0%| F|  |TAMS 0x0000000781600000, 0x0000000781600000| Untracked 
|  23|0x0000000781700000, 0x0000000781700000, 0x0000000781800000|  0%| F|  |TAMS 0x0000000781700000, 0x0000000781700000| Untracked 
|  24|0x0000000781800000, 0x0000000781800000, 0x0000000781900000|  0%| F|  |TAMS 0x0000000781800000, 0x0000000781800000| Untracked 
|  25|0x0000000781900000, 0x0000000781900000, 0x0000000781a00000|  0%| F|  |TAMS 0x0000000781900000, 0x0000000781900000| Untracked 
|  26|0x0000000781a00000, 0x0000000781a00000, 0x0000000781b00000|  0%| F|  |TAMS 0x0000000781a00000, 0x0000000781a00000| Untracked 
|  27|0x0000000781b00000, 0x0000000781b00000, 0x0000000781c00000|  0%| F|  |TAMS 0x0000000781b00000, 0x0000000781b00000| Untracked 
|  28|0x0000000781c00000, 0x0000000781c00000, 0x0000000781d00000|  0%| F|  |TAMS 0x0000000781c00000, 0x0000000781c00000| Untracked 
|  29|0x0000000781d00000, 0x0000000781d00000, 0x0000000781e00000|  0%| F|  |TAMS 0x0000000781d00000, 0x0000000781d00000| Untracked 
|  30|0x0000000781e00000, 0x0000000781e00000, 0x0000000781f00000|  0%| F|  |TAMS 0x0000000781e00000, 0x0000000781e00000| Untracked 
|  31|0x0000000781f00000, 0x0000000781f00000, 0x0000000782000000|  0%| F|  |TAMS 0x0000000781f00000, 0x0000000781f00000| Untracked 
|  32|0x0000000782000000, 0x0000000782000000, 0x0000000782100000|  0%| F|  |TAMS 0x0000000782000000, 0x0000000782000000| Untracked 
|  33|0x0000000782100000, 0x0000000782100000, 0x0000000782200000|  0%| F|  |TAMS 0x0000000782100000, 0x0000000782100000| Untracked 
|  34|0x0000000782200000, 0x0000000782200000, 0x0000000782300000|  0%| F|  |TAMS 0x0000000782200000, 0x0000000782200000| Untracked 
|  35|0x0000000782300000, 0x0000000782300000, 0x0000000782400000|  0%| F|  |TAMS 0x0000000782300000, 0x0000000782300000| Untracked 
|  36|0x0000000782400000, 0x0000000782400000, 0x0000000782500000|  0%| F|  |TAMS 0x0000000782400000, 0x0000000782400000| Untracked 
|  37|0x0000000782500000, 0x0000000782500000, 0x0000000782600000|  0%| F|  |TAMS 0x0000000782500000, 0x0000000782500000| Untracked 
|  38|0x0000000782600000, 0x0000000782600000, 0x0000000782700000|  0%| F|  |TAMS 0x0000000782600000, 0x0000000782600000| Untracked 
|  39|0x0000000782700000, 0x0000000782700000, 0x0000000782800000|  0%| F|  |TAMS 0x0000000782700000, 0x0000000782700000| Untracked 
|  40|0x0000000782800000, 0x0000000782800000, 0x0000000782900000|  0%| F|  |TAMS 0x0000000782800000, 0x0000000782800000| Untracked 
|  41|0x0000000782900000, 0x0000000782900000, 0x0000000782a00000|  0%| F|  |TAMS 0x0000000782900000, 0x0000000782900000| Untracked 
|  42|0x0000000782a00000, 0x0000000782a00000, 0x0000000782b00000|  0%| F|  |TAMS 0x0000000782a00000, 0x0000000782a00000| Untracked 
|  43|0x0000000782b00000, 0x0000000782b00000, 0x0000000782c00000|  0%| F|  |TAMS 0x0000000782b00000, 0x0000000782b00000| Untracked 
|  44|0x0000000782c00000, 0x0000000782c00000, 0x0000000782d00000|  0%| F|  |TAMS 0x0000000782c00000, 0x0000000782c00000| Untracked 
|  45|0x0000000782d00000, 0x0000000782d00000, 0x0000000782e00000|  0%| F|  |TAMS 0x0000000782d00000, 0x0000000782d00000| Untracked 
|  46|0x0000000782e00000, 0x0000000782e00000, 0x0000000782f00000|  0%| F|  |TAMS 0x0000000782e00000, 0x0000000782e00000| Untracked 
|  47|0x0000000782f00000, 0x0000000782f00000, 0x0000000783000000|  0%| F|  |TAMS 0x0000000782f00000, 0x0000000782f00000| Untracked 
|  48|0x0000000783000000, 0x0000000783000000, 0x0000000783100000|  0%| F|  |TAMS 0x0000000783000000, 0x0000000783000000| Untracked 
|  49|0x0000000783100000, 0x0000000783100000, 0x0000000783200000|  0%| F|  |TAMS 0x0000000783100000, 0x0000000783100000| Untracked 
|  50|0x0000000783200000, 0x0000000783200000, 0x0000000783300000|  0%| F|  |TAMS 0x0000000783200000, 0x0000000783200000| Untracked 
|  51|0x0000000783300000, 0x0000000783300000, 0x0000000783400000|  0%| F|  |TAMS 0x0000000783300000, 0x0000000783300000| Untracked 
|  52|0x0000000783400000, 0x0000000783400000, 0x0000000783500000|  0%| F|  |TAMS 0x0000000783400000, 0x0000000783400000| Untracked 
|  53|0x0000000783500000, 0x0000000783500000, 0x0000000783600000|  0%| F|  |TAMS 0x0000000783500000, 0x0000000783500000| Untracked 
|  54|0x0000000783600000, 0x0000000783600000, 0x0000000783700000|  0%| F|  |TAMS 0x0000000783600000, 0x0000000783600000| Untracked 
|  55|0x0000000783700000, 0x0000000783700000, 0x0000000783800000|  0%| F|  |TAMS 0x0000000783700000, 0x0000000783700000| Untracked 
|  56|0x0000000783800000, 0x0000000783800000, 0x0000000783900000|  0%| F|  |TAMS 0x0000000783800000, 0x0000000783800000| Untracked 
|  57|0x0000000783900000, 0x0000000783900000, 0x0000000783a00000|  0%| F|  |TAMS 0x0000000783900000, 0x0000000783900000| Untracked 
|  58|0x0000000783a00000, 0x0000000783a00000, 0x0000000783b00000|  0%| F|  |TAMS 0x0000000783a00000, 0x0000000783a00000| Untracked 
|  59|0x0000000783b00000, 0x0000000783b00000, 0x0000000783c00000|  0%| F|  |TAMS 0x0000000783b00000, 0x0000000783b00000| Untracked 
|  60|0x0000000783c00000, 0x0000000783c00000, 0x0000000783d00000|  0%| F|  |TAMS 0x0000000783c00000, 0x0000000783c00000| Untracked 
|  61|0x0000000783d00000, 0x0000000783d00000, 0x0000000783e00000|  0%| F|  |TAMS 0x0000000783d00000, 0x0000000783d00000| Untracked 
|  62|0x0000000783e00000, 0x0000000783e00000, 0x0000000783f00000|  0%| F|  |TAMS 0x0000000783e00000, 0x0000000783e00000| Untracked 
|  63|0x0000000783f00000, 0x0000000783f00000, 0x0000000784000000|  0%| F|  |TAMS 0x0000000783f00000, 0x0000000783f00000| Untracked 
|  64|0x0000000784000000, 0x0000000784000000, 0x0000000784100000|  0%| F|  |TAMS 0x0000000784000000, 0x0000000784000000| Untracked 
|  65|0x0000000784100000, 0x0000000784100000, 0x0000000784200000|  0%| F|  |TAMS 0x0000000784100000, 0x0000000784100000| Untracked 
|  66|0x0000000784200000, 0x0000000784200000, 0x0000000784300000|  0%| F|  |TAMS 0x0000000784200000, 0x0000000784200000| Untracked 
|  67|0x0000000784300000, 0x0000000784300000, 0x0000000784400000|  0%| F|  |TAMS 0x0000000784300000, 0x0000000784300000| Untracked 
|  68|0x0000000784400000, 0x0000000784400000, 0x0000000784500000|  0%| F|  |TAMS 0x0000000784400000, 0x0000000784400000| Untracked 
|  69|0x0000000784500000, 0x0000000784500000, 0x0000000784600000|  0%| F|  |TAMS 0x0000000784500000, 0x0000000784500000| Untracked 
|  70|0x0000000784600000, 0x0000000784600000, 0x0000000784700000|  0%| F|  |TAMS 0x0000000784600000, 0x0000000784600000| Untracked 
|  71|0x0000000784700000, 0x0000000784700000, 0x0000000784800000|  0%| F|  |TAMS 0x0000000784700000, 0x0000000784700000| Untracked 
|  72|0x0000000784800000, 0x0000000784800000, 0x0000000784900000|  0%| F|  |TAMS 0x0000000784800000, 0x0000000784800000| Untracked 
|  73|0x0000000784900000, 0x0000000784900000, 0x0000000784a00000|  0%| F|  |TAMS 0x0000000784900000, 0x0000000784900000| Untracked 
|  74|0x0000000784a00000, 0x0000000784a00000, 0x0000000784b00000|  0%| F|  |TAMS 0x0000000784a00000, 0x0000000784a00000| Untracked 
|  75|0x0000000784b00000, 0x0000000784b00000, 0x0000000784c00000|  0%| F|  |TAMS 0x0000000784b00000, 0x0000000784b00000| Untracked 
|  76|0x0000000784c00000, 0x0000000784c00000, 0x0000000784d00000|  0%| F|  |TAMS 0x0000000784c00000, 0x0000000784c00000| Untracked 
|  77|0x0000000784d00000, 0x0000000784d00000, 0x0000000784e00000|  0%| F|  |TAMS 0x0000000784d00000, 0x0000000784d00000| Untracked 
|  78|0x0000000784e00000, 0x0000000784e00000, 0x0000000784f00000|  0%| F|  |TAMS 0x0000000784e00000, 0x0000000784e00000| Untracked 
|  79|0x0000000784f00000, 0x0000000784f00000, 0x0000000785000000|  0%| F|  |TAMS 0x0000000784f00000, 0x0000000784f00000| Untracked 
|  80|0x0000000785000000, 0x0000000785000000, 0x0000000785100000|  0%| F|  |TAMS 0x0000000785000000, 0x0000000785000000| Untracked 
|  81|0x0000000785100000, 0x0000000785100000, 0x0000000785200000|  0%| F|  |TAMS 0x0000000785100000, 0x0000000785100000| Untracked 
|  82|0x0000000785200000, 0x0000000785200000, 0x0000000785300000|  0%| F|  |TAMS 0x0000000785200000, 0x0000000785200000| Untracked 
|  83|0x0000000785300000, 0x0000000785300000, 0x0000000785400000|  0%| F|  |TAMS 0x0000000785300000, 0x0000000785300000| Untracked 
|  84|0x0000000785400000, 0x0000000785400000, 0x0000000785500000|  0%| F|  |TAMS 0x0000000785400000, 0x0000000785400000| Untracked 
|  85|0x0000000785500000, 0x0000000785500000, 0x0000000785600000|  0%| F|  |TAMS 0x0000000785500000, 0x0000000785500000| Untracked 
|  86|0x0000000785600000, 0x0000000785600000, 0x0000000785700000|  0%| F|  |TAMS 0x0000000785600000, 0x0000000785600000| Untracked 
|  87|0x0000000785700000, 0x0000000785700000, 0x0000000785800000|  0%| F|  |TAMS 0x0000000785700000, 0x0000000785700000| Untracked 
|  88|0x0000000785800000, 0x0000000785800000, 0x0000000785900000|  0%| F|  |TAMS 0x0000000785800000, 0x0000000785800000| Untracked 
|  89|0x0000000785900000, 0x0000000785900000, 0x0000000785a00000|  0%| F|  |TAMS 0x0000000785900000, 0x0000000785900000| Untracked 
|  90|0x0000000785a00000, 0x0000000785a00000, 0x0000000785b00000|  0%| F|  |TAMS 0x0000000785a00000, 0x0000000785a00000| Untracked 
|  91|0x0000000785b00000, 0x0000000785b00000, 0x0000000785c00000|  0%| F|  |TAMS 0x0000000785b00000, 0x0000000785b00000| Untracked 
|  92|0x0000000785c00000, 0x0000000785c00000, 0x0000000785d00000|  0%| F|  |TAMS 0x0000000785c00000, 0x0000000785c00000| Untracked 
|  93|0x0000000785d00000, 0x0000000785d00000, 0x0000000785e00000|  0%| F|  |TAMS 0x0000000785d00000, 0x0000000785d00000| Untracked 
|  94|0x0000000785e00000, 0x0000000785e00000, 0x0000000785f00000|  0%| F|  |TAMS 0x0000000785e00000, 0x0000000785e00000| Untracked 
|  95|0x0000000785f00000, 0x0000000785f00000, 0x0000000786000000|  0%| F|  |TAMS 0x0000000785f00000, 0x0000000785f00000| Untracked 
|  96|0x0000000786000000, 0x0000000786000000, 0x0000000786100000|  0%| F|  |TAMS 0x0000000786000000, 0x0000000786000000| Untracked 
|  97|0x0000000786100000, 0x0000000786100000, 0x0000000786200000|  0%| F|  |TAMS 0x0000000786100000, 0x0000000786100000| Untracked 
|  98|0x0000000786200000, 0x0000000786200000, 0x0000000786300000|  0%| F|  |TAMS 0x0000000786200000, 0x0000000786200000| Untracked 
|  99|0x0000000786300000, 0x0000000786300000, 0x0000000786400000|  0%| F|  |TAMS 0x0000000786300000, 0x0000000786300000| Untracked 
| 100|0x0000000786400000, 0x0000000786400000, 0x0000000786500000|  0%| F|  |TAMS 0x0000000786400000, 0x0000000786400000| Untracked 
| 101|0x0000000786500000, 0x0000000786500000, 0x0000000786600000|  0%| F|  |TAMS 0x0000000786500000, 0x0000000786500000| Untracked 
| 102|0x0000000786600000, 0x0000000786600000, 0x0000000786700000|  0%| F|  |TAMS 0x0000000786600000, 0x0000000786600000| Untracked 
| 103|0x0000000786700000, 0x0000000786700000, 0x0000000786800000|  0%| F|  |TAMS 0x0000000786700000, 0x0000000786700000| Untracked 
| 104|0x0000000786800000, 0x0000000786800000, 0x0000000786900000|  0%| F|  |TAMS 0x0000000786800000, 0x0000000786800000| Untracked 
| 105|0x0000000786900000, 0x0000000786900000, 0x0000000786a00000|  0%| F|  |TAMS 0x0000000786900000, 0x0000000786900000| Untracked 
| 106|0x0000000786a00000, 0x0000000786a00000, 0x0000000786b00000|  0%| F|  |TAMS 0x0000000786a00000, 0x0000000786a00000| Untracked 
| 107|0x0000000786b00000, 0x0000000786b00000, 0x0000000786c00000|  0%| F|  |TAMS 0x0000000786b00000, 0x0000000786b00000| Untracked 
| 108|0x0000000786c00000, 0x0000000786c00000, 0x0000000786d00000|  0%| F|  |TAMS 0x0000000786c00000, 0x0000000786c00000| Untracked 
| 109|0x0000000786d00000, 0x0000000786d00000, 0x0000000786e00000|  0%| F|  |TAMS 0x0000000786d00000, 0x0000000786d00000| Untracked 
| 110|0x0000000786e00000, 0x0000000786e00000, 0x0000000786f00000|  0%| F|  |TAMS 0x0000000786e00000, 0x0000000786e00000| Untracked 
| 111|0x0000000786f00000, 0x0000000786f00000, 0x0000000787000000|  0%| F|  |TAMS 0x0000000786f00000, 0x0000000786f00000| Untracked 
| 112|0x0000000787000000, 0x0000000787000000, 0x0000000787100000|  0%| F|  |TAMS 0x0000000787000000, 0x0000000787000000| Untracked 
| 113|0x0000000787100000, 0x0000000787100000, 0x0000000787200000|  0%| F|  |TAMS 0x0000000787100000, 0x0000000787100000| Untracked 
| 114|0x0000000787200000, 0x0000000787200000, 0x0000000787300000|  0%| F|  |TAMS 0x0000000787200000, 0x0000000787200000| Untracked 
| 115|0x0000000787300000, 0x0000000787300000, 0x0000000787400000|  0%| F|  |TAMS 0x0000000787300000, 0x0000000787300000| Untracked 
| 116|0x0000000787400000, 0x0000000787400000, 0x0000000787500000|  0%| F|  |TAMS 0x0000000787400000, 0x0000000787400000| Untracked 
| 117|0x0000000787500000, 0x0000000787500000, 0x0000000787600000|  0%| F|  |TAMS 0x0000000787500000, 0x0000000787500000| Untracked 
| 118|0x0000000787600000, 0x0000000787600000, 0x0000000787700000|  0%| F|  |TAMS 0x0000000787600000, 0x0000000787600000| Untracked 
| 119|0x0000000787700000, 0x0000000787700000, 0x0000000787800000|  0%| F|  |TAMS 0x0000000787700000, 0x0000000787700000| Untracked 
| 120|0x0000000787800000, 0x0000000787800000, 0x0000000787900000|  0%| F|  |TAMS 0x0000000787800000, 0x0000000787800000| Untracked 
| 121|0x0000000787900000, 0x0000000787900000, 0x0000000787a00000|  0%| F|  |TAMS 0x0000000787900000, 0x0000000787900000| Untracked 
| 122|0x0000000787a00000, 0x0000000787a00000, 0x0000000787b00000|  0%| F|  |TAMS 0x0000000787a00000, 0x0000000787a00000| Untracked 
| 123|0x0000000787b00000, 0x0000000787c00000, 0x0000000787c00000|100%| E|  |TAMS 0x0000000787b00000, 0x0000000787b00000| Complete 
| 124|0x0000000787c00000, 0x0000000787d00000, 0x0000000787d00000|100%| E|CS|TAMS 0x0000000787c00000, 0x0000000787c00000| Complete 
| 125|0x0000000787d00000, 0x0000000787e00000, 0x0000000787e00000|100%| E|CS|TAMS 0x0000000787d00000, 0x0000000787d00000| Complete 
| 126|0x0000000787e00000, 0x0000000787f00000, 0x0000000787f00000|100%| E|CS|TAMS 0x0000000787e00000, 0x0000000787e00000| Complete 
| 127|0x0000000787f00000, 0x0000000788000000, 0x0000000788000000|100%| E|CS|TAMS 0x0000000787f00000, 0x0000000787f00000| Complete 
|1022|0x00000007bfe00000, 0x00000007bfe47000, 0x00000007bff00000| 27%|OA|  |TAMS 0x00000007bfe00000, 0x00000007bfe00000| Untracked 
|1023|0x00000007bff00000, 0x00000007bff77000, 0x00000007c0000000| 46%|CA|  |TAMS 0x00000007bff00000, 0x00000007bff00000| Untracked 

Card table byte_map: [0x0000000105db7000,0x00000001061b7000] _byte_map_base: 0x00000001021b7000

Marking Bits (Prev, Next): (CMBitMap*) 0x00007fb0e3823618, (CMBitMap*) 0x00007fb0e3823658
 Prev Bits: [0x00000001065b7000, 0x00000001085b7000)
 Next Bits: [0x00000001085b7000, 0x000000010a5b7000)

Polling page: 0x0000000103ce2000

Metaspace:

Usage:
  Non-class:      4.62 MB capacity,     2.51 MB ( 54%) used,     2.09 MB ( 45%) free+waste,     6.81 KB ( <1%) overhead. 
      Class:    515.00 KB capacity,   285.00 KB ( 55%) used,   225.94 KB ( 44%) free+waste,     4.06 KB ( <1%) overhead. 
       Both:      5.12 MB capacity,     2.79 MB ( 55%) used,     2.31 MB ( 45%) free+waste,    10.88 KB ( <1%) overhead. 

Virtual space:
  Non-class space:        8.00 MB reserved,       4.75 MB ( 59%) committed 
      Class space:        1.00 GB reserved,     640.00 KB ( <1%) committed 
             Both:        1.01 GB reserved,       5.38 MB ( <1%) committed 

Chunk freelists:
   Non-Class:  26.00 KB
       Class:  0 bytes
        Both:  26.00 KB

MaxMetaspaceSize: unlimited
CompressedClassSpaceSize: 1.00 GB

CodeHeap 'non-profiled nmethods': size=120032Kb used=154Kb max_used=154Kb free=119878Kb
 bounds [0x000000011ab34000, 0x000000011ada4000, 0x000000012206c000]
CodeHeap 'profiled nmethods': size=120032Kb used=706Kb max_used=706Kb free=119325Kb
 bounds [0x00000001135fc000, 0x000000011386c000, 0x000000011ab34000]
CodeHeap 'non-nmethods': size=5696Kb used=1153Kb max_used=1164Kb free=4542Kb
 bounds [0x000000011306c000, 0x00000001132dc000, 0x00000001135fc000]
 total_blobs=996 nmethods=497 adapters=311
 compilation: enabled
              stopped_count=0, restarted_count=0
 full_count=0

Compilation events (20 events):
Event: 0.730 Thread 0x00007fb0e4005800  488       1       java.lang.reflect.Field::getModifiers (5 bytes)
Event: 0.730 Thread 0x00007fb0e4005800 nmethod 488 0x000000011ab59f10 code [0x000000011ab5a0a0, 0x000000011ab5a1d0]
Event: 0.731 Thread 0x00007fb0e4005800  489       3       jdk.internal.reflect.ReflectionFactory::langReflectAccess (15 bytes)
Event: 0.731 Thread 0x00007fb0e4005800 nmethod 489 0x00000001136aa310 code [0x00000001136aa4c0, 0x00000001136aa6d0]
Event: 0.731 Thread 0x00007fb0e4005800  490       3       java.lang.Object::equals (11 bytes)
Event: 0.731 Thread 0x00007fb0e4005800 nmethod 490 0x00000001136aa790 code [0x00000001136aa920, 0x00000001136aaaf0]
Event: 0.731 Thread 0x00007fb0e4005800  491       1       java.lang.reflect.Field::getType (5 bytes)
Event: 0.731 Thread 0x00007fb0e4005800 nmethod 491 0x000000011ab5a210 code [0x000000011ab5a3a0, 0x000000011ab5a4d0]
Event: 0.733 Thread 0x00007fb0e4005800  492       3       java.lang.reflect.Modifier::isFinal (13 bytes)
Event: 0.733 Thread 0x00007fb0e4005800 nmethod 492 0x00000001136aab90 code [0x00000001136aad20, 0x00000001136aaeb0]
Event: 0.733 Thread 0x00007fb0e4005800  493       3       java.lang.String::substring (68 bytes)
Event: 0.733 Thread 0x00007fb0e4005800 nmethod 493 0x00000001136aaf10 code [0x00000001136ab140, 0x00000001136ab918]
Event: 0.733 Thread 0x00007fb0e4005800  494       1       java.lang.reflect.Field::getRoot (5 bytes)
Event: 0.734 Thread 0x00007fb0e4005800 nmethod 494 0x000000011ab5a510 code [0x000000011ab5a6a0, 0x000000011ab5a7d0]
Event: 0.736 Thread 0x00007fb0e4005800  495       3       java.lang.Integer::valueOf (32 bytes)
Event: 0.736 Thread 0x00007fb0e4005800 nmethod 495 0x00000001136abb90 code [0x00000001136abd40, 0x00000001136ac0b0]
Event: 0.736 Thread 0x00007fb0e4005800  496       3       java.nio.Buffer::remaining (10 bytes)
Event: 0.736 Thread 0x00007fb0e4005800 nmethod 496 0x00000001136ac210 code [0x00000001136ac3a0, 0x00000001136ac510]
Event: 0.739 Thread 0x00007fb0e4005800  497       3       java.lang.ref.SoftReference::get (29 bytes)
Event: 0.739 Thread 0x00007fb0e4005800 nmethod 497 0x00000001136ac590 code [0x00000001136ac740, 0x00000001136ac990]

GC Heap History (0 events):
No events

Deoptimization events (0 events):
No events

Classes unloaded (0 events):
No events

Classes redefined (0 events):
No events

Internal exceptions (5 events):
Event: 0.218 Thread 0x00007fb0e4013000 Exception <a 'java/lang/ClassNotFoundException'{0x0000000787d9f4c0}: sun/awt/resources/spi/awtProvider> (0x0000000787d9f4c0) 
thrown [/scratch/mesos/slaves/fcf4c0c4-d73e-4321-860c-6613427db92b-S2452/frameworks/1735e8a2-a1db-478c-8104-60c8b0af87dd-0196/executors/ab12d1f8-defd-4a26-b83a-82b67c14bc8d/runs/ad8904cf-d9a8-428f-8f86-4d88be7b86bd/workspace/open/src/hotspot/share/classfile/systemDictionary.cpp, line 232]
Event: 0.253 Thread 0x00007fb0e4013000 Exception <a 'java/io/FileNotFoundException'{0x0000000787dec2d0}> (0x0000000787dec2d0) 
thrown [/scratch/mesos/slaves/fcf4c0c4-d73e-4321-860c-6613427db92b-S2452/frameworks/1735e8a2-a1db-478c-8104-60c8b0af87dd-0196/executors/ab12d1f8-defd-4a26-b83a-82b67c14bc8d/runs/ad8904cf-d9a8-428f-8f86-4d88be7b86bd/workspace/open/src/hotspot/share/prims/jni.cpp, line 598]
Event: 0.273 Thread 0x00007fb0e4013000 Exception <a 'java/io/FileNotFoundException'{0x0000000787c12c20}> (0x0000000787c12c20) 
thrown [/scratch/mesos/slaves/fcf4c0c4-d73e-4321-860c-6613427db92b-S2452/frameworks/1735e8a2-a1db-478c-8104-60c8b0af87dd-0196/executors/ab12d1f8-defd-4a26-b83a-82b67c14bc8d/runs/ad8904cf-d9a8-428f-8f86-4d88be7b86bd/workspace/open/src/hotspot/share/prims/jni.cpp, line 598]
Event: 0.280 Thread 0x00007fb0e4013000 Exception <a 'java/lang/ClassNotFoundException'{0x0000000787c16600}: sun/awt/resources/spi/awtosxProvider> (0x0000000787c16600) 
thrown [/scratch/mesos/slaves/fcf4c0c4-d73e-4321-860c-6613427db92b-S2452/frameworks/1735e8a2-a1db-478c-8104-60c8b0af87dd-0196/executors/ab12d1f8-defd-4a26-b83a-82b67c14bc8d/runs/ad8904cf-d9a8-428f-8f86-4d88be7b86bd/workspace/open/src/hotspot/share/classfile/systemDictionary.cpp, line 232]
Event: 0.587 Thread 0x00007fb0e4013000 Exception <a 'java/io/FileNotFoundException'{0x0000000787cc2428}> (0x0000000787cc2428) 
thrown [/scratch/mesos/slaves/fcf4c0c4-d73e-4321-860c-6613427db92b-S2452/frameworks/1735e8a2-a1db-478c-8104-60c8b0af87dd-0196/executors/ab12d1f8-defd-4a26-b83a-82b67c14bc8d/runs/ad8904cf-d9a8-428f-8f86-4d88be7b86bd/workspace/open/src/hotspot/share/prims/jni.cpp, line 598]

Events (20 events):
Event: 0.730 loading class java/util/LinkedHashMap$LinkedKeyIterator
Event: 0.730 loading class java/util/LinkedHashMap$LinkedKeyIterator done
Event: 0.730 loading class jdk/internal/reflect/UnsafeQualifiedStaticIntegerFieldAccessorImpl
Event: 0.730 loading class jdk/internal/reflect/UnsafeQualifiedStaticIntegerFieldAccessorImpl done
Event: 0.732 loading class org/lwjgl/input/Keyboard$KeyEvent
Event: 0.732 loading class org/lwjgl/input/Keyboard$KeyEvent done
Event: 0.733 loading class org/lwjgl/opengl/MacOSXNativeKeyboard
Event: 0.733 loading class org/lwjgl/opengl/MacOSXNativeKeyboard done
Event: 0.735 loading class org/lwjgl/opengl/ContextGL
Event: 0.735 loading class org/lwjgl/opengl/ContextGL done
Event: 0.735 loading class org/lwjgl/opengl/ContextImplementation
Event: 0.735 loading class org/lwjgl/opengl/ContextImplementation done
Event: 0.736 loading class org/lwjgl/opengl/MacOSXContextImplementation
Event: 0.736 loading class org/lwjgl/opengl/MacOSXContextImplementation done
Event: 0.737 loading class org/lwjgl/opengl/GLContext
Event: 0.737 loading class org/lwjgl/opengl/GLContext done
Event: 0.737 loading class java/lang/NumberFormatException
Event: 0.737 loading class java/lang/NumberFormatException done
Event: 0.738 loading class org/lwjgl/opengl/GLContext$CapabilitiesCacheEntry
Event: 0.738 loading class org/lwjgl/opengl/GLContext$CapabilitiesCacheEntry done


Dynamic libraries:
0x00007fff701e2000 	/usr/lib/libz.1.dylib
0x0000000103c7f000 	/Library/Java/JavaVirtualMachines/jdk-13.0.1.jdk/Contents/Home/lib/libjli.dylib
0x00007fff38b9b000 	/System/Library/Frameworks/Cocoa.framework/Versions/A/Cocoa
0x00007fff4614f000 	/System/Library/Frameworks/Security.framework/Versions/A/Security
0x00007fff37b3b000 	/System/Library/Frameworks/ApplicationServices.framework/Versions/A/ApplicationServices
0x00007fff6dcca000 	/usr/lib/libSystem.B.dylib
0x00007fff70c5a000 	/usr/lib/system/libcache.dylib
0x00007fff70c60000 	/usr/lib/system/libcommonCrypto.dylib
0x00007fff70c6c000 	/usr/lib/system/libcompiler_rt.dylib
0x00007fff70c74000 	/usr/lib/system/libcopyfile.dylib
0x00007fff70c7e000 	/usr/lib/system/libcorecrypto.dylib
0x00007fff70e2c000 	/usr/lib/system/libdispatch.dylib
0x00007fff70e6e000 	/usr/lib/system/libdyld.dylib
0x00007fff70ea4000 	/usr/lib/system/libkeymgr.dylib
0x00007fff70eb2000 	/usr/lib/system/liblaunch.dylib
0x00007fff70eb3000 	/usr/lib/system/libmacho.dylib
0x00007fff70eb9000 	/usr/lib/system/libquarantine.dylib
0x00007fff70ebc000 	/usr/lib/system/libremovefile.dylib
0x00007fff70ebe000 	/usr/lib/system/libsystem_asl.dylib
0x00007fff70ed6000 	/usr/lib/system/libsystem_blocks.dylib
0x00007fff70ed7000 	/usr/lib/system/libsystem_c.dylib
0x00007fff70f5f000 	/usr/lib/system/libsystem_configuration.dylib
0x00007fff70f63000 	/usr/lib/system/libsystem_coreservices.dylib
0x00007fff70f67000 	/usr/lib/system/libsystem_darwin.dylib
0x00007fff70f6f000 	/usr/lib/system/libsystem_dnssd.dylib
0x00007fff70f77000 	/usr/lib/system/libsystem_featureflags.dylib
0x00007fff70f79000 	/usr/lib/system/libsystem_info.dylib
0x00007fff70ff4000 	/usr/lib/system/libsystem_m.dylib
0x00007fff7103c000 	/usr/lib/system/libsystem_malloc.dylib
0x00007fff71064000 	/usr/lib/system/libsystem_networkextension.dylib
0x00007fff71072000 	/usr/lib/system/libsystem_notify.dylib
0x00007fff71091000 	/usr/lib/system/libsystem_sandbox.dylib
0x00007fff71096000 	/usr/lib/system/libsystem_secinit.dylib
0x00007fff70fc7000 	/usr/lib/system/libsystem_kernel.dylib
0x00007fff7107c000 	/usr/lib/system/libsystem_platform.dylib
0x00007fff71086000 	/usr/lib/system/libsystem_pthread.dylib
0x00007fff71099000 	/usr/lib/system/libsystem_symptoms.dylib
0x00007fff710a1000 	/usr/lib/system/libsystem_trace.dylib
0x00007fff710b9000 	/usr/lib/system/libunwind.dylib
0x00007fff710bf000 	/usr/lib/system/libxpc.dylib
0x00007fff6fb0a000 	/usr/lib/libobjc.A.dylib
0x00007fff6dffc000 	/usr/lib/libc++abi.dylib
0x00007fff6dfa8000 	/usr/lib/libc++.1.dylib
0x00007fff39b04000 	/System/Library/Frameworks/CoreFoundation.framework/Versions/A/CoreFoundation
0x00007fff3c1c7000 	/System/Library/Frameworks/Foundation.framework/Versions/C/Foundation
0x00007fff36d33000 	/System/Library/Frameworks/AppKit.framework/Versions/C/AppKit
0x00007fff39618000 	/System/Library/Frameworks/CoreData.framework/Versions/A/CoreData
0x00007fff6a575000 	/System/Library/PrivateFrameworks/UIFoundation.framework/Versions/A/UIFoundation
0x00007fff64da6000 	/System/Library/PrivateFrameworks/RemoteViewServices.framework/Versions/A/RemoteViewServices
0x00007fff6cff8000 	/System/Library/PrivateFrameworks/XCTTargetBootstrap.framework/Versions/A/XCTTargetBootstrap
0x00007fff399f7000 	/System/Library/Frameworks/CoreDisplay.framework/Versions/A/CoreDisplay
0x00007fff3ef3a000 	/System/Library/Frameworks/Metal.framework/Versions/A/Metal
0x00007fff532c8000 	/System/Library/PrivateFrameworks/DesktopServicesPriv.framework/Versions/A/DesktopServicesPriv
0x00007fff6edf5000 	/usr/lib/liblangid.dylib
0x00007fff5241f000 	/System/Library/PrivateFrameworks/CoreSVG.framework/Versions/A/CoreSVG
0x00007fff67b26000 	/System/Library/PrivateFrameworks/SkyLight.framework/Versions/A/SkyLight
0x00007fff39f85000 	/System/Library/Frameworks/CoreGraphics.framework/Versions/A/CoreGraphics
0x00007fff358d4000 	/System/Library/Frameworks/Accelerate.framework/Versions/A/Accelerate
0x00007fff700d3000 	/usr/lib/libxml2.2.dylib
0x00007fff5dfb5000 	/System/Library/PrivateFrameworks/IconServices.framework/Versions/A/IconServices
0x00007fff3c9a9000 	/System/Library/Frameworks/IOSurface.framework/Versions/A/IOSurface
0x00007fff6d802000 	/usr/lib/libDiagnosticMessagesClient.dylib
0x00007fff53141000 	/System/Library/PrivateFrameworks/DFRFoundation.framework/Versions/A/DFRFoundation
0x00007fff6eb83000 	/usr/lib/libicucore.A.dylib
0x00007fff37e6d000 	/System/Library/Frameworks/AudioToolbox.framework/Versions/A/AudioToolbox
0x00007fff37f4f000 	/System/Library/Frameworks/AudioUnit.framework/Versions/A/AudioUnit
0x00007fff6decc000 	/usr/lib/libauto.dylib
0x00007fff531c2000 	/System/Library/PrivateFrameworks/DataDetectorsCore.framework/Versions/A/DataDetectorsCore
0x00007fff386bb000 	/System/Library/Frameworks/Carbon.framework/Versions/A/Frameworks/HIToolbox.framework/Versions/A/HIToolbox
0x00007fff45384000 	/System/Library/Frameworks/QuartzCore.framework/Versions/A/QuartzCore
0x00007fff389fa000 	/System/Library/Frameworks/Carbon.framework/Versions/A/Frameworks/SpeechRecognition.framework/Versions/A/SpeechRecognition
0x00007fff52ac5000 	/System/Library/PrivateFrameworks/CoreUI.framework/Versions/A/CoreUI
0x00007fff3907e000 	/System/Library/Frameworks/CoreAudio.framework/Versions/A/CoreAudio
0x00007fff3be8f000 	/System/Library/Frameworks/DiskArbitration.framework/Versions/A/DiskArbitration
0x00007fff5ffbe000 	/System/Library/PrivateFrameworks/MultitouchSupport.framework/Versions/A/MultitouchSupport
0x00007fff6ea49000 	/usr/lib/libenergytrace.dylib
0x00007fff3c904000 	/System/Library/Frameworks/IOKit.framework/Versions/A/IOKit
0x00007fff3aef1000 	/System/Library/Frameworks/CoreServices.framework/Versions/A/CoreServices
0x00007fff62034000 	/System/Library/PrivateFrameworks/PerformanceAnalysis.framework/Versions/A/PerformanceAnalysis
0x00007fff443bb000 	/System/Library/Frameworks/OpenGL.framework/Versions/A/OpenGL
0x00007fff38ba9000 	/System/Library/Frameworks/ColorSync.framework/Versions/A/ColorSync
0x00007fff3a60b000 	/System/Library/Frameworks/CoreImage.framework/Versions/A/CoreImage
0x00007fff3b966000 	/System/Library/Frameworks/CoreText.framework/Versions/A/CoreText
0x00007fff3ca30000 	/System/Library/Frameworks/ImageIO.framework/Versions/A/ImageIO
0x00007fff6e024000 	/usr/lib/libcompression.dylib
0x00007fff6db44000 	/usr/lib/libMobileGestalt.dylib
0x00007fff69657000 	/System/Library/PrivateFrameworks/TextureIO.framework/Versions/A/TextureIO
0x00007fff6de32000 	/usr/lib/libate.dylib
0x00007fff5e1bd000 	/System/Library/PrivateFrameworks/InternationalSupport.framework/Versions/A/InternationalSupport
0x00007fff6edf7000 	/usr/lib/liblzma.5.dylib
0x00007fff6ea71000 	/usr/lib/libfakelink.dylib
0x00007fff6ddbf000 	/usr/lib/libarchive.2.dylib
0x00007fff47309000 	/System/Library/Frameworks/SystemConfiguration.framework/Versions/A/SystemConfiguration
0x00007fff6d733000 	/usr/lib/libCRFSuite.dylib
0x00007fff382c5000 	/System/Library/Frameworks/CFNetwork.framework/Versions/A/CFNetwork
0x00007fff6df8a000 	/usr/lib/libbsm.0.dylib
0x00007fff70ea5000 	/usr/lib/system/libkxld.dylib
0x00007fff4cc5e000 	/System/Library/PrivateFrameworks/AppleFSCompression.framework/Versions/A/AppleFSCompression
0x00007fff6e308000 	/usr/lib/libcoretls.dylib
0x00007fff6e31f000 	/usr/lib/libcoretls_cfhelpers.dylib
0x00007fff6fb4e000 	/usr/lib/libpam.2.dylib
0x00007fff6fc7e000 	/usr/lib/libsqlite3.dylib
0x00007fff700c0000 	/usr/lib/libxar.1.dylib
0x00007fff6df9b000 	/usr/lib/libbz2.1.0.dylib
0x00007fff6ea92000 	/usr/lib/libiconv.2.dylib
0x00007fff6e011000 	/usr/lib/libcharset.1.dylib
0x00007fff6f5f9000 	/usr/lib/libnetwork.dylib
0x00007fff6fb55000 	/usr/lib/libpcap.A.dylib
0x00007fff6dd74000 	/usr/lib/libapple_nghttp2.dylib
0x00007fff3b2a8000 	/System/Library/Frameworks/CoreServices.framework/Versions/A/Frameworks/FSEvents.framework/Versions/A/FSEvents
0x00007fff3af78000 	/System/Library/Frameworks/CoreServices.framework/Versions/A/Frameworks/CarbonCore.framework/Versions/A/CarbonCore
0x00007fff3b4eb000 	/System/Library/Frameworks/CoreServices.framework/Versions/A/Frameworks/Metadata.framework/Versions/A/Metadata
0x00007fff3b584000 	/System/Library/Frameworks/CoreServices.framework/Versions/A/Frameworks/OSServices.framework/Versions/A/OSServices
0x00007fff3b5b2000 	/System/Library/Frameworks/CoreServices.framework/Versions/A/Frameworks/SearchKit.framework/Versions/A/SearchKit
0x00007fff3aef2000 	/System/Library/Frameworks/CoreServices.framework/Versions/A/Frameworks/AE.framework/Versions/A/AE
0x00007fff3b2b1000 	/System/Library/Frameworks/CoreServices.framework/Versions/A/Frameworks/LaunchServices.framework/Versions/A/LaunchServices
0x00007fff3b25a000 	/System/Library/Frameworks/CoreServices.framework/Versions/A/Frameworks/DictionaryServices.framework/Versions/A/DictionaryServices
0x00007fff3b61a000 	/System/Library/Frameworks/CoreServices.framework/Versions/A/Frameworks/SharedFileList.framework/Versions/A/SharedFileList
0x00007fff4020f000 	/System/Library/Frameworks/NetFS.framework/Versions/A/NetFS
0x00007fff60461000 	/System/Library/PrivateFrameworks/NetAuth.framework/Versions/A/NetAuth
0x00007fff6d3c2000 	/System/Library/PrivateFrameworks/login.framework/Versions/A/Frameworks/loginsupport.framework/Versions/A/loginsupport
0x00007fff69155000 	/System/Library/PrivateFrameworks/TCC.framework/Versions/A/TCC
0x00007fff517f2000 	/System/Library/PrivateFrameworks/CoreNLP.framework/Versions/A/CoreNLP
0x00007fff5f9ee000 	/System/Library/PrivateFrameworks/MetadataUtilities.framework/Versions/A/MetadataUtilities
0x00007fff6eecf000 	/usr/lib/libmecabra.dylib
0x00007fff6ee27000 	/usr/lib/libmecab.dylib
0x00007fff6ea82000 	/usr/lib/libgermantok.dylib
0x00007fff6dd5b000 	/usr/lib/libThaiTokenizer.dylib
0x00007fff6d76b000 	/usr/lib/libChineseTokenizer.dylib
0x00007fff358ec000 	/System/Library/Frameworks/Accelerate.framework/Versions/A/Frameworks/vImage.framework/Versions/A/vImage
0x00007fff36b8e000 	/System/Library/Frameworks/Accelerate.framework/Versions/A/Frameworks/vecLib.framework/Versions/A/vecLib
0x00007fff36ad2000 	/System/Library/Frameworks/Accelerate.framework/Versions/A/Frameworks/vecLib.framework/Versions/A/libvMisc.dylib
0x00007fff368f8000 	/System/Library/Frameworks/Accelerate.framework/Versions/A/Frameworks/vecLib.framework/Versions/A/libvDSP.dylib
0x00007fff35f58000 	/System/Library/Frameworks/Accelerate.framework/Versions/A/Frameworks/vecLib.framework/Versions/A/libBLAS.dylib
0x00007fff364b2000 	/System/Library/Frameworks/Accelerate.framework/Versions/A/Frameworks/vecLib.framework/Versions/A/libLAPACK.dylib
0x00007fff36858000 	/System/Library/Frameworks/Accelerate.framework/Versions/A/Frameworks/vecLib.framework/Versions/A/libLinearAlgebra.dylib
0x00007fff368e5000 	/System/Library/Frameworks/Accelerate.framework/Versions/A/Frameworks/vecLib.framework/Versions/A/libSparseBLAS.dylib
0x00007fff3686e000 	/System/Library/Frameworks/Accelerate.framework/Versions/A/Frameworks/vecLib.framework/Versions/A/libQuadrature.dylib
0x00007fff361c1000 	/System/Library/Frameworks/Accelerate.framework/Versions/A/Frameworks/vecLib.framework/Versions/A/libBNNS.dylib
0x00007fff36874000 	/System/Library/Frameworks/Accelerate.framework/Versions/A/Frameworks/vecLib.framework/Versions/A/libSparse.dylib
0x00007fff5e57b000 	/System/Library/PrivateFrameworks/LanguageModeling.framework/Versions/A/LanguageModeling
0x00007fff51191000 	/System/Library/PrivateFrameworks/CoreEmoji.framework/Versions/A/CoreEmoji
0x00007fff5e699000 	/System/Library/PrivateFrameworks/LinguisticData.framework/Versions/A/LinguisticData
0x00007fff5e64a000 	/System/Library/PrivateFrameworks/Lexicon.framework/Versions/A/Lexicon
0x00007fff6e012000 	/usr/lib/libcmph.dylib
0x00007fff42de1000 	/System/Library/Frameworks/OpenDirectory.framework/Versions/A/Frameworks/CFOpenDirectory.framework/Versions/A/CFOpenDirectory
0x00007fff42dfe000 	/System/Library/Frameworks/OpenDirectory.framework/Versions/A/OpenDirectory
0x00007fff4b0cf000 	/System/Library/PrivateFrameworks/APFS.framework/Versions/A/APFS
0x00007fff46496000 	/System/Library/Frameworks/SecurityFoundation.framework/Versions/A/SecurityFoundation
0x00007fff700bc000 	/usr/lib/libutil.dylib
0x00007fff52477000 	/System/Library/PrivateFrameworks/CoreServicesStore.framework/Versions/A/CoreServicesStore
0x00007fff46578000 	/System/Library/Frameworks/ServiceManagement.framework/Versions/A/ServiceManagement
0x00007fff4e410000 	/System/Library/PrivateFrameworks/BackgroundTaskManagement.framework/Versions/A/BackgroundTaskManagement
0x00007fff701b9000 	/usr/lib/libxslt.1.dylib
0x00007fff4d2c1000 	/System/Library/PrivateFrameworks/AppleSystemInfo.framework/Versions/A/AppleSystemInfo
0x00007fff3cc4c000 	/System/Library/Frameworks/ImageIO.framework/Versions/A/Resources/libJPEG.dylib
0x00007fff3cf0b000 	/System/Library/Frameworks/ImageIO.framework/Versions/A/Resources/libTIFF.dylib
0x00007fff3ceee000 	/System/Library/Frameworks/ImageIO.framework/Versions/A/Resources/libPng.dylib
0x00007fff3cb8d000 	/System/Library/Frameworks/ImageIO.framework/Versions/A/Resources/libGIF.dylib
0x00007fff3cb91000 	/System/Library/Frameworks/ImageIO.framework/Versions/A/Resources/libJP2.dylib
0x00007fff3cf09000 	/System/Library/Frameworks/ImageIO.framework/Versions/A/Resources/libRadiance.dylib
0x00007fff6ea4a000 	/usr/lib/libexpat.1.dylib
0x00007fff4cdb9000 	/System/Library/PrivateFrameworks/AppleJPEG.framework/Versions/A/AppleJPEG
0x00007fff556c2000 	/System/Library/PrivateFrameworks/FontServices.framework/libFontParser.dylib
0x00007fff6c420000 	/System/Library/PrivateFrameworks/WatchdogClient.framework/Versions/A/WatchdogClient
0x00007fff5dc0a000 	/System/Library/PrivateFrameworks/IOAccelerator.framework/Versions/A/IOAccelerator
0x00007fff3f2c8000 	/System/Library/Frameworks/MetalPerformanceShaders.framework/Versions/A/MetalPerformanceShaders
0x00007fff5a40f000 	/System/Library/PrivateFrameworks/GPUWrangler.framework/Versions/A/GPUWrangler
0x00007fff5dc15000 	/System/Library/PrivateFrameworks/IOPresentment.framework/Versions/A/IOPresentment
0x00007fff53154000 	/System/Library/PrivateFrameworks/DSExternalDisplay.framework/Versions/A/DSExternalDisplay
0x00007fff43767000 	/System/Library/Frameworks/OpenGL.framework/Versions/A/Libraries/libCoreFSCache.dylib
0x00007fff3f01a000 	/System/Library/Frameworks/MetalPerformanceShaders.framework/Frameworks/MPSCore.framework/Versions/A/MPSCore
0x00007fff3f057000 	/System/Library/Frameworks/MetalPerformanceShaders.framework/Frameworks/MPSImage.framework/Versions/A/MPSImage
0x00007fff3f119000 	/System/Library/Frameworks/MetalPerformanceShaders.framework/Frameworks/MPSNeuralNetwork.framework/Versions/A/MPSNeuralNetwork
0x00007fff3f0de000 	/System/Library/Frameworks/MetalPerformanceShaders.framework/Frameworks/MPSMatrix.framework/Versions/A/MPSMatrix
0x00007fff3f279000 	/System/Library/Frameworks/MetalPerformanceShaders.framework/Frameworks/MPSRayIntersector.framework/Versions/A/MPSRayIntersector
0x00007fff3f103000 	/System/Library/Frameworks/MetalPerformanceShaders.framework/Frameworks/MPSNDArray.framework/Versions/A/MPSNDArray
0x00007fff5fa3b000 	/System/Library/PrivateFrameworks/MetalTools.framework/Versions/A/MetalTools
0x00007fff4c26f000 	/System/Library/PrivateFrameworks/AggregateDictionary.framework/Versions/A/AggregateDictionary
0x00007fff50c24000 	/System/Library/PrivateFrameworks/CoreAnalytics.framework/Versions/A/CoreAnalytics
0x00007fff4d1df000 	/System/Library/PrivateFrameworks/AppleSauce.framework/Versions/A/AppleSauce
0x00007fff6da27000 	/usr/lib/libIOReport.dylib
0x00007fff3bb1b000 	/System/Library/Frameworks/CoreVideo.framework/Versions/A/CoreVideo
0x00007fff5b874000 	/System/Library/PrivateFrameworks/GraphVisualizer.framework/Versions/A/GraphVisualizer
0x00007fff54c41000 	/System/Library/PrivateFrameworks/FaceCore.framework/Versions/A/FaceCore
0x00007fff42d88000 	/System/Library/Frameworks/OpenCL.framework/Versions/A/OpenCL
0x00007fff6d849000 	/usr/lib/libFosl_dynamic.dylib
0x00007fff60e59000 	/System/Library/PrivateFrameworks/OTSVG.framework/Versions/A/OTSVG
0x00007fff37c40000 	/System/Library/Frameworks/ApplicationServices.framework/Versions/A/Frameworks/ATS.framework/Versions/A/Resources/libFontRegistry.dylib
0x00007fff55893000 	/System/Library/PrivateFrameworks/FontServices.framework/libhvf.dylib
0x00007fff43772000 	/System/Library/Frameworks/OpenGL.framework/Versions/A/Libraries/libGFXShared.dylib
0x00007fff4394f000 	/System/Library/Frameworks/OpenGL.framework/Versions/A/Libraries/libGLU.dylib
0x00007fff4377b000 	/System/Library/Frameworks/OpenGL.framework/Versions/A/Libraries/libGL.dylib
0x00007fff43786000 	/System/Library/Frameworks/OpenGL.framework/Versions/A/Libraries/libGLImage.dylib
0x00007fff43764000 	/System/Library/Frameworks/OpenGL.framework/Versions/A/Libraries/libCVMSPluginSupport.dylib
0x00007fff4376d000 	/System/Library/Frameworks/OpenGL.framework/Versions/A/Libraries/libCoreVMClient.dylib
0x00007fff6f49b000 	/usr/lib/libncurses.5.4.dylib
0x00007fff37b3c000 	/System/Library/Frameworks/ApplicationServices.framework/Versions/A/Frameworks/ATS.framework/Versions/A/ATS
0x00007fff37d09000 	/System/Library/Frameworks/ApplicationServices.framework/Versions/A/Frameworks/ColorSyncLegacy.framework/Versions/A/ColorSyncLegacy
0x00007fff37da8000 	/System/Library/Frameworks/ApplicationServices.framework/Versions/A/Frameworks/HIServices.framework/Versions/A/HIServices
0x00007fff37dff000 	/System/Library/Frameworks/ApplicationServices.framework/Versions/A/Frameworks/LangAnalysis.framework/Versions/A/LangAnalysis
0x00007fff37e0e000 	/System/Library/Frameworks/ApplicationServices.framework/Versions/A/Frameworks/PrintCore.framework/Versions/A/PrintCore
0x00007fff37e54000 	/System/Library/Frameworks/ApplicationServices.framework/Versions/A/Frameworks/QD.framework/Versions/A/QD
0x00007fff37e5f000 	/System/Library/Frameworks/ApplicationServices.framework/Versions/A/Frameworks/SpeechSynthesis.framework/Versions/A/SpeechSynthesis
0x00007fff37cd9000 	/System/Library/Frameworks/ApplicationServices.framework/Versions/A/Frameworks/ATSUI.framework/Versions/A/ATSUI
0x00007fff6e8de000 	/usr/lib/libcups.2.dylib
0x00007fff3e379000 	/System/Library/Frameworks/Kerberos.framework/Versions/A/Kerberos
0x00007fff3c5fb000 	/System/Library/Frameworks/GSS.framework/Versions/A/GSS
0x00007fff6fc0a000 	/usr/lib/libresolv.9.dylib
0x00007fff5ba15000 	/System/Library/PrivateFrameworks/Heimdal.framework/Versions/A/Heimdal
0x00007fff3e38c000 	/System/Library/Frameworks/Kerberos.framework/Versions/A/Libraries/libHeimdalProxy.dylib
0x00007fff6ea88000 	/usr/lib/libheimdal-asn1.dylib
0x00007fff500c8000 	/System/Library/PrivateFrameworks/CommonAuth.framework/Versions/A/CommonAuth
0x00007fff4d35e000 	/System/Library/PrivateFrameworks/AssertionServices.framework/Versions/A/AssertionServices
0x00007fff4defe000 	/System/Library/PrivateFrameworks/AudioToolboxCore.framework/Versions/A/AudioToolboxCore
0x00007fff6d074000 	/System/Library/PrivateFrameworks/caulk.framework/Versions/A/caulk
0x00007fff4e4bc000 	/System/Library/PrivateFrameworks/BaseBoard.framework/Versions/A/BaseBoard
0x00007fff64f34000 	/System/Library/PrivateFrameworks/RunningBoardServices.framework/Versions/A/RunningBoardServices
0x00007fff62040000 	/System/Library/PrivateFrameworks/PersistentConnection.framework/Versions/A/PersistentConnection
0x00007fff64988000 	/System/Library/PrivateFrameworks/ProtocolBuffer.framework/Versions/A/ProtocolBuffer
0x00007fff500ed000 	/System/Library/PrivateFrameworks/CommonUtilities.framework/Versions/A/CommonUtilities
0x00007fff4e63f000 	/System/Library/PrivateFrameworks/Bom.framework/Versions/A/Bom
0x00007fff6d6f7000 	/usr/lib/libAudioToolboxUtility.dylib
0x00007fff4e41a000 	/System/Library/PrivateFrameworks/Backup.framework/Versions/A/Backup
0x00007fff52ec2000 	/System/Library/PrivateFrameworks/CrashReporterSupport.framework/Versions/A/CrashReporterSupport
0x00007fff669ce000 	/System/Library/PrivateFrameworks/Sharing.framework/Versions/A/Sharing
0x00007fff4cb04000 	/System/Library/PrivateFrameworks/Apple80211.framework/Versions/A/Apple80211
0x00007fff4e13c000 	/System/Library/PrivateFrameworks/AuthKit.framework/Versions/A/AuthKit
0x00007fff52bf2000 	/System/Library/PrivateFrameworks/CoreUtils.framework/Versions/A/CoreUtils
0x00007fff3bb60000 	/System/Library/Frameworks/CoreWLAN.framework/Versions/A/CoreWLAN
0x00007fff3c785000 	/System/Library/Frameworks/IOBluetooth.framework/Versions/A/IOBluetooth
0x00007fff5fd39000 	/System/Library/PrivateFrameworks/MobileKeyBag.framework/Versions/A/MobileKeyBag
0x00007fff51ccb000 	/System/Library/PrivateFrameworks/CorePhoneNumbers.framework/Versions/A/CorePhoneNumbers
0x00007fff4cd6c000 	/System/Library/PrivateFrameworks/AppleIDAuthSupport.framework/Versions/A/AppleIDAuthSupport
0x00007fff4021c000 	/System/Library/Frameworks/Network.framework/Versions/A/Network
0x00007fff5e404000 	/System/Library/PrivateFrameworks/KeychainCircle.framework/Versions/A/KeychainCircle
0x00007fff395e0000 	/System/Library/Frameworks/CoreBluetooth.framework/Versions/A/CoreBluetooth
0x00007fff68666000 	/System/Library/PrivateFrameworks/SpeechRecognitionCore.framework/Versions/A/SpeechRecognitionCore
0x0000000104600000 	/Library/Java/JavaVirtualMachines/jdk-13.0.1.jdk/Contents/Home/lib/server/libjvm.dylib
0x0000000103c9b000 	/Library/Java/JavaVirtualMachines/jdk-13.0.1.jdk/Contents/Home/lib/libverify.dylib
0x0000000103ca7000 	/Library/Java/JavaVirtualMachines/jdk-13.0.1.jdk/Contents/Home/lib/libjava.dylib
0x0000000103ce4000 	/Library/Java/JavaVirtualMachines/jdk-13.0.1.jdk/Contents/Home/lib/libinstrument.dylib
0x0000000103d67000 	/Library/Java/JavaVirtualMachines/jdk-13.0.1.jdk/Contents/Home/lib/libzip.dylib
0x0000000103d6e000 	/Library/Java/JavaVirtualMachines/jdk-13.0.1.jdk/Contents/Home/lib/libjimage.dylib
0x00000001264ae000 	/Library/Java/JavaVirtualMachines/jdk-13.0.1.jdk/Contents/Home/lib/libnio.dylib
0x00000001264bc000 	/Library/Java/JavaVirtualMachines/jdk-13.0.1.jdk/Contents/Home/lib/libnet.dylib
0x0000000126571000 	/Library/Java/JavaVirtualMachines/jdk-13.0.1.jdk/Contents/Home/lib/libextnet.dylib
0x0000000126574000 	/Library/Java/JavaVirtualMachines/jdk-13.0.1.jdk/Contents/Home/lib/libawt.dylib
0x000000012660a000 	/Library/Java/JavaVirtualMachines/jdk-13.0.1.jdk/Contents/Home/lib/libmlib_image.dylib
0x00007fff3e362000 	/System/Library/Frameworks/JavaVM.framework/Versions/A/Frameworks/JavaNativeFoundation.framework/Versions/A/JavaNativeFoundation
0x00007fff3e36b000 	/System/Library/Frameworks/JavaVM.framework/Versions/A/Frameworks/JavaRuntimeSupport.framework/Versions/A/JavaRuntimeSupport
0x00007fff3e374000 	/System/Library/Frameworks/JavaVM.framework/Versions/A/JavaVM
0x00007fff5e267000 	/System/Library/PrivateFrameworks/JavaLaunching.framework/Versions/A/JavaLaunching
0x00007fff386b6000 	/System/Library/Frameworks/Carbon.framework/Versions/A/Carbon
0x00007fff529a6000 	/System/Library/PrivateFrameworks/CoreSymbolication.framework/Versions/A/CoreSymbolication
0x00007fff386b7000 	/System/Library/Frameworks/Carbon.framework/Versions/A/Frameworks/CommonPanels.framework/Versions/A/CommonPanels
0x00007fff389b0000 	/System/Library/Frameworks/Carbon.framework/Versions/A/Frameworks/Help.framework/Versions/A/Help
0x00007fff389b4000 	/System/Library/Frameworks/Carbon.framework/Versions/A/Frameworks/ImageCapture.framework/Versions/A/ImageCapture
0x00007fff389bb000 	/System/Library/Frameworks/Carbon.framework/Versions/A/Frameworks/OpenScripting.framework/Versions/A/OpenScripting
0x00007fff389ba000 	/System/Library/Frameworks/Carbon.framework/Versions/A/Frameworks/Ink.framework/Versions/A/Ink
0x00007fff389f6000 	/System/Library/Frameworks/Carbon.framework/Versions/A/Frameworks/Print.framework/Versions/A/Print
0x00007fff389f7000 	/System/Library/Frameworks/Carbon.framework/Versions/A/Frameworks/SecurityHI.framework/Versions/A/SecurityHI
0x00007fff53289000 	/System/Library/PrivateFrameworks/DebugSymbols.framework/Versions/A/DebugSymbols
0x0000000126670000 	/Library/Java/JavaVirtualMachines/jdk-13.0.1.jdk/Contents/Home/lib/libawt_lwawt.dylib
0x000000012671a000 	/Library/Java/JavaVirtualMachines/jdk-13.0.1.jdk/Contents/Home/lib/libosxapp.dylib
0x00007fff3c069000 	/System/Library/Frameworks/ExceptionHandling.framework/Versions/A/ExceptionHandling
0x0000000126735000 	/Library/Java/JavaVirtualMachines/jdk-13.0.1.jdk/Contents/Home/lib/libfontmanager.dylib
0x0000000126833000 	/Library/Java/JavaVirtualMachines/jdk-13.0.1.jdk/Contents/Home/lib/libfreetype.dylib
0x00007fff52443000 	/System/Library/PrivateFrameworks/CoreServicesInternal.framework/Versions/A/CoreServicesInternal
0x00007fff3c088000 	/System/Library/Frameworks/FileProvider.framework/Versions/A/FileProvider
0x00007fff36b8f000 	/System/Library/Frameworks/Accounts.framework/Versions/A/Accounts
0x00007fff5a730000 	/System/Library/PrivateFrameworks/GenerationalStorage.framework/Versions/A/GenerationalStorage
0x00007fff68e97000 	/System/Library/PrivateFrameworks/SymptomDiagnosticReporter.framework/Versions/A/SymptomDiagnosticReporter
0x00007fff4c5fd000 	/System/Library/PrivateFrameworks/AppContainer.framework/Versions/A/AppContainer
0x00007fff6fc24000 	/usr/lib/libsandbox.1.dylib
0x00007fff6b3bf000 	/System/Library/PrivateFrameworks/UserManagement.framework/Versions/A/UserManagement
0x00007fff4f1f0000 	/System/Library/PrivateFrameworks/ChunkingLibrary.framework/Versions/A/ChunkingLibrary
0x00007fff4c66f000 	/System/Library/PrivateFrameworks/AppSandbox.framework/Versions/A/AppSandbox
0x00007fff66883000 	/System/Library/PrivateFrameworks/SecCodeWrapper.framework/Versions/A/SecCodeWrapper
0x00007fff6db0d000 	/usr/lib/libMatch.1.dylib
0x00007fff2e1e1000 	/System/Library/CoreServices/RawCamera.bundle/Contents/MacOS/RawCamera
0x00007fff5fb63000 	/System/Library/PrivateFrameworks/MobileAsset.framework/Versions/A/MobileAsset
0x00007fff68d45000 	/System/Library/PrivateFrameworks/StreamingZip.framework/Versions/A/StreamingZip
0x00007fff3e7f5000 	/System/Library/Frameworks/MediaToolbox.framework/Versions/A/MediaToolbox
0x00007fff50bd3000 	/System/Library/PrivateFrameworks/CoreAVCHD.framework/Versions/A/CoreAVCHD
0x00007fff3e71f000 	/System/Library/Frameworks/MediaAccessibility.framework/Versions/A/MediaAccessibility
0x00007fff5ef35000 	/System/Library/PrivateFrameworks/Mangrove.framework/Versions/A/Mangrove
0x00007fff3ad2c000 	/System/Library/Frameworks/CoreMedia.framework/Versions/A/CoreMedia
0x00007fff5f19a000 	/System/Library/PrivateFrameworks/MediaExperience.framework/Versions/A/MediaExperience
0x00007fff475ef000 	/System/Library/Frameworks/VideoToolbox.framework/Versions/A/VideoToolbox
0x00007fff507fd000 	/System/Library/PrivateFrameworks/CoreAUC.framework/Versions/A/CoreAUC
0x00007fff6fc7c000 	/usr/lib/libspindump.dylib
0x00007fff4d8a9000 	/System/Library/PrivateFrameworks/AudioResourceArbitration.framework/Versions/A/AudioResourceArbitration
0x00007fff4d2c5000 	/System/Library/PrivateFrameworks/AppleVA.framework/Versions/A/AppleVA
0x00007fff358d5000 	/System/Library/Frameworks/Accelerate.framework/Versions/A/Frameworks/vImage.framework/Versions/A/Libraries/libCGInterfaces.dylib
0x00000001271fa000 	/usr/lib/libobjc-trampolines.dylib
0x00007fff557fa000 	/System/Library/PrivateFrameworks/FontServices.framework/libTrueTypeScaler.dylib
0x00007fff32823000 	/System/Library/Extensions/AppleIntelKBLGraphicsMTLDriver.bundle/Contents/MacOS/AppleIntelKBLGraphicsMTLDriver
0x00007fff58d67000 	/System/Library/PrivateFrameworks/GPUCompiler.framework/Versions/3902/Libraries/libmetal_timestamp.dylib
0x00007fff6c191000 	/System/Library/PrivateFrameworks/ViewBridge.framework/Versions/A/ViewBridge
0x00000001294b6000 	/Users/Gwenael/Documents/java POO Echec/jeu/projet1/jeuechecPOO/lib/liblwjgl.jnilib
0x0000000129531000 	/Library/Java/JavaVirtualMachines/jdk-13.0.1.jdk/Contents/Home/lib/libjawt.dylib
0x00007fff443cb000 	/System/Library/Frameworks/OpenGL.framework/Versions/A/Resources/GLEngine.bundle/GLEngine
0x00007fff437bc000 	/System/Library/Frameworks/OpenGL.framework/Versions/A/Libraries/libGLProgrammability.dylib
0x00007fff319fa000 	/System/Library/Extensions/AppleIntelKBLGraphicsGLDriver.bundle/Contents/MacOS/AppleIntelKBLGraphicsGLDriver
0x00007fff5a403000 	/System/Library/PrivateFrameworks/GPUSupport.framework/Versions/A/Libraries/libGPUSupportMercury.dylib
0x00007fff44545000 	/System/Library/Frameworks/OpenGL.framework/Versions/A/Resources/GLRendererFloat.bundle/GLRendererFloat
0x00007fff42d7f000 	/System/Library/Frameworks/OpenCL.framework/Versions/A/Libraries/libcldcpuengine.dylib
0x00007fff6e4c3000 	/usr/lib/libcrypto.35.dylib
0x00007fff6989b000 	/System/Library/PrivateFrameworks/TrustEvaluationAgent.framework/Versions/A/TrustEvaluationAgent
0x00007fff6d3c5000 	/System/Library/PrivateFrameworks/login.framework/Versions/A/login


VM Arguments:
jvm_args: -Djava.library.path=lib -javaagent:/Applications/IntelliJ IDEA CE.app/Contents/lib/idea_rt.jar=51361:/Applications/IntelliJ IDEA CE.app/Contents/bin -Dfile.encoding=UTF-8 
java_command: fr.rphstudio.chess.launcher.MainLauncher
java_class_path (initial): /Users/Gwenael/Documents/java POO Echec/jeu/projet1/jeuechecPOO/target/classes:/Users/Gwenael/.m2/repository/org/slick2d/slick2d-core/1.0.0/slick2d-core-1.0.0.jar:/Users/Gwenael/.m2/repository/org/lwjgl/lwjgl/lwjgl/2.9.0/lwjgl-2.9.0.jar:/Users/Gwenael/.m2/repository/org/lwjgl/lwjgl/lwjgl-platform/2.9.0/lwjgl-platform-2.9.0-natives-windows.jar:/Users/Gwenael/.m2/repository/org/lwjgl/lwjgl/lwjgl-platform/2.9.0/lwjgl-platform-2.9.0-natives-linux.jar:/Users/Gwenael/.m2/repository/org/lwjgl/lwjgl/lwjgl-platform/2.9.0/lwjgl-platform-2.9.0-natives-osx.jar:/Users/Gwenael/.m2/repository/net/java/jinput/jinput/2.0.5/jinput-2.0.5.jar:/Users/Gwenael/.m2/repository/net/java/jutils/jutils/1.0.0/jutils-1.0.0.jar:/Users/Gwenael/.m2/repository/net/java/jinput/jinput-platform/2.0.5/jinput-platform-2.0.5-natives-linux.jar:/Users/Gwenael/.m2/repository/net/java/jinput/jinput-platform/2.0.5/jinput-platform-2.0.5-natives-windows.jar:/Users/Gwenael/.m2/repository/net/java/jinput/jinput-platform/2.0.5/jinput-platform-2.0.5-natives-osx.jar:/Users/Gwenael/.m2/repository/org/jcraft/jorbis/0.0.17/jorbis-0.0.17.jar:/Users/Gwenael/.m2/repository/org/dyn4j/dyn4j/3.2.3/dyn4j-3.2.3.jar
Launcher Type: SUN_STANDARD

[Global flags]
     intx CICompilerCount                          = 3                                         {product} {ergonomic}
     uint ConcGCThreads                            = 1                                         {product} {ergonomic}
     uint G1ConcRefinementThreads                  = 4                                         {product} {ergonomic}
   size_t G1HeapRegionSize                         = 1048576                                   {product} {ergonomic}
    uintx GCDrainStackTargetSize                   = 64                                        {product} {ergonomic}
   size_t InitialHeapSize                          = 134217728                                 {product} {ergonomic}
   size_t MarkStackSize                            = 4194304                                   {product} {ergonomic}
   size_t MaxHeapSize                              = 2147483648                                {product} {ergonomic}
   size_t MaxNewSize                               = 1287651328                                {product} {ergonomic}
   size_t MinHeapDeltaBytes                        = 1048576                                   {product} {ergonomic}
   size_t MinHeapSize                              = 8388608                                   {product} {ergonomic}
    uintx NonNMethodCodeHeapSize                   = 5830732                                {pd product} {ergonomic}
    uintx NonProfiledCodeHeapSize                  = 122913754                              {pd product} {ergonomic}
    uintx ProfiledCodeHeapSize                     = 122913754                              {pd product} {ergonomic}
    uintx ReservedCodeCacheSize                    = 251658240                              {pd product} {ergonomic}
     bool SegmentedCodeCache                       = true                                      {product} {ergonomic}
   size_t SoftMaxHeapSize                          = 2147483648                             {manageable} {ergonomic}
     bool UseCompressedClassPointers               = true                                 {lp64_product} {ergonomic}
     bool UseCompressedOops                        = true                                 {lp64_product} {ergonomic}
     bool UseG1GC                                  = true                                      {product} {ergonomic}

Logging:
Log output configuration:
 #0: stdout all=warning uptime,level,tags
 #1: stderr all=off uptime,level,tags

Environment Variables:
PATH=/Library/Frameworks/Python.framework/Versions/3.7/bin:/usr/local/bin:/usr/bin:/bin:/usr/sbin:/sbin:/usr/local/share/dotnet:~/.dotnet/tools:/Library/Frameworks/Mono.framework/Versions/Current/Commands:/Applications/Xamarin Workbooks.app/Contents/SharedSupport/path-bin
SHELL=/bin/bash

Signal Handlers:
SIGSEGV: [libjvm.dylib+0x781570], sa_mask[0]=11111111011111110111111111111111, sa_flags=SA_ONSTACK|SA_RESTART|SA_SIGINFO
SIGBUS: [libjvm.dylib+0x781570], sa_mask[0]=11111111011111110111111111111111, sa_flags=SA_RESTART|SA_SIGINFO
SIGFPE: [libjvm.dylib+0x781570], sa_mask[0]=11111111011111110111111111111111, sa_flags=SA_RESTART|SA_SIGINFO
SIGPIPE: [libjvm.dylib+0x627f75], sa_mask[0]=11111111011111110111111111111111, sa_flags=SA_RESTART|SA_SIGINFO
SIGXFSZ: [libjvm.dylib+0x627f75], sa_mask[0]=11111111011111110111111111111111, sa_flags=SA_RESTART|SA_SIGINFO
SIGILL: [libjvm.dylib+0x781570], sa_mask[0]=11111111011111110111111111111111, sa_flags=SA_RESTART|SA_SIGINFO
SIGUSR2: [libjvm.dylib+0x62855f], sa_mask[0]=00100000000000000000000000000000, sa_flags=SA_RESTART|SA_SIGINFO
SIGHUP: [libjvm.dylib+0x62754d], sa_mask[0]=11111111011111110111111111111111, sa_flags=SA_RESTART|SA_SIGINFO
SIGINT: [libjvm.dylib+0x62754d], sa_mask[0]=11111111011111110111111111111111, sa_flags=SA_RESTART|SA_SIGINFO
SIGTERM: [libjvm.dylib+0x62754d], sa_mask[0]=11111111011111110111111111111111, sa_flags=SA_RESTART|SA_SIGINFO
SIGQUIT: [libjvm.dylib+0x62754d], sa_mask[0]=11111111011111110111111111111111, sa_flags=SA_RESTART|SA_SIGINFO


---------------  S Y S T E M  ---------------

OS:uname:Darwin 19.0.0 Darwin Kernel Version 19.0.0: Thu Oct 17 16:17:15 PDT 2019; root:xnu-6153.41.3~29/RELEASE_X86_64 x86_64
rlimit: STACK 8192k, CORE 0k, NPROC 1392, NOFILE 10240, AS infinity, DATA infinity, FSIZE infinity
load average:2.95 3.72 3.62

CPU:total 4 (initial active 4) (2 cores per cpu, 2 threads per core) family 6 model 142 stepping 9, cmov, cx8, fxsr, mmx, sse, sse2, sse3, ssse3, sse4.1, sse4.2, popcnt, avx, avx2, aes, clmul, erms, rtm, 3dnowpref, lzcnt, ht, tsc, tscinvbit, bmi1, bmi2, adx, fma

Memory: 4k page, physical 8388608k(452276k free), swap 3145728k(1145600k free)

vm_info: Java HotSpot(TM) 64-Bit Server VM (13.0.1+9) for bsd-amd64 JRE (13.0.1+9), built on Oct  6 2019 11:43:59 by "mach5one" with clang 4.2.1 Compatible Apple LLVM 10.0.0 (clang-1000.11.45.5)

END.
