#
# A fatal error has been detected by the Java Runtime Environment:
#
#  SIGILL (0x4) at pc=0x00007fff370f8037, pid=19815, tid=775
#
# JRE version: Java(TM) SE Runtime Environment (13.0.1+9) (build 13.0.1+9)
# Java VM: Java HotSpot(TM) 64-Bit Server VM (13.0.1+9, mixed mode, sharing, tiered, compressed oops, g1 gc, bsd-amd64)
# Problematic frame:
# C  [AppKit+0x3c5037]  -[NSApplication _crashOnException:]+0x6a
#
# No core dump will be written. Core dumps have been disabled. To enable core dumping, try "ulimit -c unlimited" before starting Java again
#
# If you would like to submit a bug report, please visit:
#   http://bugreport.java.com/bugreport/crash.jsp
# The crash happened outside the Java Virtual Machine in native code.
# See problematic frame for where to report the bug.
#

---------------  S U M M A R Y ------------

Command Line: -Djava.library.path=lib -javaagent:/Applications/IntelliJ IDEA CE.app/Contents/lib/idea_rt.jar=54029:/Applications/IntelliJ IDEA CE.app/Contents/bin -Dfile.encoding=UTF-8 fr.rphstudio.chess.launcher.MainLauncher

Host: MacBookPro14,1 x86_64 2300 MHz, 4 cores, 8G, Darwin 19.0.0
Time: Wed Feb 12 19:19:57 2020 CET elapsed time: 0 seconds (0d 0h 0m 0s)

---------------  T H R E A D  ---------------

Current thread (0x00007fcc7c080000):  JavaThread "AppKit Thread" daemon [_thread_in_native, id=775, stack(0x00007ffee9a79000,0x00007ffeea279000)]

Stack: [0x00007ffee9a79000,0x00007ffeea279000],  sp=0x00007ffeea274b70,  free space=8174k
Native frames: (J=compiled Java code, A=aot compiled Java code, j=interpreted, Vv=VM code, C=native code)
C  [AppKit+0x3c5037]  -[NSApplication _crashOnException:]+0x6a
C  [AppKit+0x8db3ca]  __62+[CATransaction(NSCATransaction) NS_setFlushesWithDisplayLink]_block_invoke+0x325
C  [AppKit+0x8db5d7]  ___NSRunLoopObserverCreateWithHandler_block_invoke+0x29
C  [CoreFoundation+0x9766e]  __CFRUNLOOP_IS_CALLING_OUT_TO_AN_OBSERVER_CALLBACK_FUNCTION__+0x17
C  [CoreFoundation+0x97594]  __CFRunLoopDoObservers+0x1c9
C  [CoreFoundation+0x3a72b]  __CFRunLoopRun+0x4c3
C  [CoreFoundation+0x39fe3]  CFRunLoopRunSpecific+0x1f3
C  [HIToolbox+0xa67d]  RunCurrentEventLoopInMode+0x124
C  [HIToolbox+0xa3bd]  ReceiveNextEventCommon+0x258
C  [HIToolbox+0xa147]  _BlockUntilNextEventMatchingListInModeWithFilter+0x40
C  [AppKit+0x17864]  _DPSNextEvent+0x3de
C  [AppKit+0x165d4]  -[NSApplication(NSEvent) _nextEventMatchingEventMask:untilDate:inMode:dequeue:]+0x548
C  [libosxapp.dylib+0x29f1]  -[NSApplicationAWT nextEventMatchingMask:untilDate:inMode:dequeue:]+0x79
C  [AppKit+0x10d76]  -[NSApplication run]+0x292
C  [libosxapp.dylib+0x2836]  +[NSApplicationAWT runAWTLoopWithApp:]+0xde
C  [libawt_lwawt.dylib+0x3834e]  +[AWTStarter starter:headless:]+0x342
C  [JavaNativeFoundation+0x6ff9]  +[JNFRunLoop _performCopiedBlock:]+0xf
C  [Foundation+0xad28a]  __NSThreadPerformPerform+0xfe
C  [CoreFoundation+0x57b81]  __CFRUNLOOP_IS_CALLING_OUT_TO_A_SOURCE0_PERFORM_FUNCTION__+0x11
C  [CoreFoundation+0x57b20]  __CFRunLoopDoSource0+0x67
C  [CoreFoundation+0x3b154]  __CFRunLoopDoSources0+0xd1
C  [CoreFoundation+0x3a760]  __CFRunLoopRun+0x4f8
C  [CoreFoundation+0x39fe3]  CFRunLoopRunSpecific+0x1f3
C  [libjli.dylib+0x6619]  CreateExecutionEnvironment+0x18f
C  [libjli.dylib+0x275e]  JLI_Launch+0x54a
C  [java+0xca9]  main+0x16f
C  [libdyld.dylib+0x112e5]  start+0x1


siginfo: si_signo: 4 (SIGILL), si_code: 1 (ILL_ILLOPC), si_addr: 0x00007fff370f8037

Register to memory mapping:

RAX=0x00007fcc7b1dd400 points into unknown readable memory: 30 20 20 20 43 6f 72 65
RBX=0x00007fcc7a682560 points into unknown readable memory: 41 a5 95 92 ff ff 1d 01
RCX=0x2ae363ceaf22004f is an unknown value
RDX=0x0 is NULL
RSP=0x00007ffeea274b70 is pointing into the stack for thread: 0x00007fcc7c080000
RBP=0x00007ffeea274b80 is pointing into the stack for thread: 0x00007fcc7c080000
RSI=0x0000000000000ee6 is an unknown value
RDI=0x00007fcc7a7ddd50 points into unknown readable memory: c1 89 95 92 ff ff 1d 00
R8 =0x00000000000000e6 is an unknown value
R9 =0x00007fcc7b1de2e6 points into unknown readable memory: 00 00
R10=0x00000000000000e6 is an unknown value
R11=0x0 is NULL
R12=0x00007fcc7b061068 points into unknown readable memory: 00 00 00 00 00 00 00 00
R13=0x0000000000000002 is an unknown value
R14=0x00007fff6fb10040: objc_msgSend+0 in /usr/lib/libobjc.A.dylib at 0x00007fff6fb0a000
R15=0x00007fcc7a7e3940 points into unknown readable memory: 91 96 95 92 ff ff 1d 00


Registers:
RAX=0x00007fcc7b1dd400, RBX=0x00007fcc7a682560, RCX=0x2ae363ceaf22004f, RDX=0x0000000000000000
RSP=0x00007ffeea274b70, RBP=0x00007ffeea274b80, RSI=0x0000000000000ee6, RDI=0x00007fcc7a7ddd50
R8 =0x00000000000000e6, R9 =0x00007fcc7b1de2e6, R10=0x00000000000000e6, R11=0x0000000000000000
R12=0x00007fcc7b061068, R13=0x0000000000000002, R14=0x00007fff6fb10040, R15=0x00007fcc7a7e3940
RIP=0x00007fff370f8037, EFLAGS=0x0000000000010202, ERR=0x0000000000000000
  TRAPNO=0x0000000000000006

Top of Stack: (sp=0x00007ffeea274b70)
0x00007ffeea274b70:   00007fcc7a6826e0 00007fcc7a7e9a70
0x00007ffeea274b80:   00007ffeea274ca0 00007fff3760e3ca
0x00007ffeea274b90:   00007ffeea274bd0 00007fff3760f302
0x00007ffeea274ba0:   2ae363ceaf22004f 0000000000000001
0x00007ffeea274bb0:   00007fcc7a7bc000 00000000000000b0
0x00007ffeea274bc0:   000007fcc7a5c943 00007fcc7a5c9410
0x00007ffeea274bd0:   0000000000000020 0000000000000002
0x00007ffeea274be0:   00000000fffffffd 00007fcc7a5c93e0
0x00007ffeea274bf0:   0000000000000030 0000000000000005
0x00007ffeea274c00:   00000001059a6a00 0000000105991080
0x00007ffeea274c10:   00007ffeea274ca0 00007fff71040cd5
0x00007ffeea274c20:   00007fcc7a5c93e0 0000000000000002
0x00007ffeea274c30:   0000000000000003 000000027a5c9430
0x00007ffeea274c40:   00007fcc7a5fbf80 00007fcc00000000
0x00007ffeea274c50:   0000000105991080 00007fcc7a5c9410
0x00007ffeea274c60:   00007fcc7a500000 00007fcc7a5c93e0
0x00007ffeea274c70:   2ae363ceaf22004f 00007fcc7a79f3e0
0x00007ffeea274c80:   00007fcc7b061068 0000000000000002
0x00007ffeea274c90:   0000000000000002 00007fcc7a7e3940
0x00007ffeea274ca0:   00007ffeea274cd0 00007fff3760e5d7
0x00007ffeea274cb0:   00007fcc7a7e3940 00007fcc7a79f3e0
0x00007ffeea274cc0:   0000000000000000 00007fff39ba8f48
0x00007ffeea274cd0:   00007ffeea274ce0 00007fff39b9b66e
0x00007ffeea274ce0:   00007ffeea274d90 00007fff39b9b594
0x00007ffeea274cf0:   00007fcc7a7e3940 0000000000000020
0x00007ffeea274d00:   00007fff92958ee8 00007fff39b9b46b
0x00007ffeea274d10:   0000000500002d8a 00007fcc7a6004e0
0x00007ffeea274d20:   00007ffeea274cf0 00007ffeea274d10
0x00007ffeea274d30:   00007ffeea274cf0 00007fcc7a6004f0
0x00007ffeea274d40:   00007fcc7a600360 0000000000000002
0x00007ffeea274d50:   00007fcc7a600350 0000000000000001
0x00007ffeea274d60:   2ae363ceaf22004f 00007fcc7a600350 

Instructions: (pc=0x00007fff370f8037)
0x00007fff370f7f37:   5b 48 89 df 48 8b 95 28 ff ff ff ff 15 70 0a ea
0x00007fff370f7f47:   5a 48 8b 05 a9 f1 e9 5a 48 8b 00 48 3b 45 d0 75
0x00007fff370f7f57:   5e 48 81 c4 28 01 00 00 5b 41 5c 41 5d 41 5e 41
0x00007fff370f7f67:   5f 5d c3 48 8d 3d 37 15 22 5b 48 8d 35 c0 36 ec
0x00007fff370f7f77:   5a e8 e5 c9 79 00 e9 49 fc ff ff 48 8d 3d ef 4b
0x00007fff370f7f87:   ed 5a 48 8d 15 06 19 22 5b 31 f6 31 c9 e8 2e f8
0x00007fff370f7f97:   c3 ff e9 5d ff ff ff 48 8d 3d 03 15 22 5b 48 8d
0x00007fff370f7fa7:   35 8c 36 ec 5a e8 b1 c9 79 00 e9 82 fc ff ff e8
0x00007fff370f7fb7:   9d c7 79 00 48 89 c3 e8 a1 cd 79 00 48 89 df e8
0x00007fff370f7fc7:   3f c7 79 00 0f 0b 55 48 89 e5 41 56 53 48 89 d3
0x00007fff370f7fd7:   48 8b 35 32 f0 19 5b 4c 8b 35 d3 09 ea 5a 48 89
0x00007fff370f7fe7:   d7 41 ff d6 48 8d 3d 86 3e ed 5a 48 89 c6 31 c0
0x00007fff370f7ff7:   e8 7c 1c da ff 48 8b 35 b5 13 1a 5b 48 89 df 41
0x00007fff370f8007:   ff d6 48 8b 35 b8 27 1a 5b 48 8d 15 61 2f ed 5a
0x00007fff370f8017:   48 89 c7 ff 15 98 09 ea 5a 48 8b 35 e1 e3 19 5b
0x00007fff370f8027:   48 89 c7 ff 15 88 09 ea 5a 48 89 05 61 c9 21 5b
0x00007fff370f8037:   0f 0b 48 89 c7 e8 ff cc 79 00 31 ff 31 f6 31 c0
0x00007fff370f8047:   e8 2c 1c da ff e8 1f cd 79 00 0f 0b 48 89 c3 e8
0x00007fff370f8057:   09 cd 79 00 48 89 df e8 a7 c6 79 00 0f 0b e8 d8
0x00007fff370f8067:   cd 79 00 55 48 89 e5 41 57 41 56 41 55 41 54 53
0x00007fff370f8077:   48 83 ec 68 4d 89 c6 f2 0f 11 8d 78 ff ff ff f2
0x00007fff370f8087:   0f 11 45 80 49 89 cf 48 89 d3 48 8b 35 30 e7 19
0x00007fff370f8097:   5b 48 89 d7 ff 15 17 09 ea 5a 48 83 f8 01 0f 85
0x00007fff370f80a7:   c2 01 00 00 4c 89 75 c8 31 ff e8 f4 b9 79 00 48
0x00007fff370f80b7:   89 45 d0 48 8b 35 0f f1 19 5b 4c 8b 2d f0 08 ea
0x00007fff370f80c7:   5a 48 89 df 41 ff d5 48 89 c7 ff 15 f1 08 ea 5a
0x00007fff370f80d7:   49 89 c6 4c 8b 25 47 f6 19 5b 48 89 df 4c 89 e6
0x00007fff370f80e7:   41 ff d5 f2 0f 11 45 a0 f2 0f 11 4d a8 48 8b 35
0x00007fff370f80f7:   c5 e5 19 5b 48 8b 05 d6 1f 1a 5b 48 89 45 88 48
0x00007fff370f8107:   8d 05 83 3d 21 5b 4c 8b 00 ba 44 00 00 00 4c 89
0x00007fff370f8117:   75 c0 4c 89 f7 4c 89 f9 45 31 c9 4c 89 eb 41 ff
0x00007fff370f8127:   d5 48 85 c0 0f 84 60 01 00 00 49 89 c5 4c 89 bd 


Stack slot to memory mapping:
stack at sp + 0 slots: 0x00007fcc7a6826e0 points into unknown readable memory: 00 2b 2b 43 47 4e 4c 43
stack at sp + 1 slots: 0x00007fcc7a7e9a70 points into unknown readable memory: 40 6f 04 9b ff 7f 00 00
stack at sp + 2 slots: 0x00007ffeea274ca0 is pointing into the stack for thread: 0x00007fcc7c080000
stack at sp + 3 slots: 0x00007fff3760e3ca: __62+[CATransaction(NSCATransaction) NS_setFlushesWithDisplayLink]_block_invoke+0x325 in /System/Library/Frameworks/AppKit.framework/Versions/C/AppKit at 0x00007fff36d33000
stack at sp + 4 slots: 0x00007ffeea274bd0 is pointing into the stack for thread: 0x00007fcc7c080000
stack at sp + 5 slots: 0x00007fff3760f302: -[NSDisplayCycle containsObserver:]+0x62 in /System/Library/Frameworks/AppKit.framework/Versions/C/AppKit at 0x00007fff36d33000
stack at sp + 6 slots: 0x2ae363ceaf22004f is an unknown value
stack at sp + 7 slots: 0x0000000000000001 is an unknown value


---------------  P R O C E S S  ---------------

Threads class SMR info:
_java_thread_list=0x00007fcc7a5306a0, length=12, elements={
0x00007fcc7c005800, 0x00007fcc7a848000, 0x00007fcc7a84b000, 0x00007fcc7a85b800,
0x00007fcc7b842000, 0x00007fcc7c022800, 0x00007fcc7b051000, 0x00007fcc7b8ab000,
0x00007fcc7b011000, 0x00007fcc7b05e000, 0x00007fcc7c080000, 0x00007fcc7b06d800
}

Java Threads: ( => current thread )
  0x00007fcc7c005800 JavaThread "main" [_thread_in_vm, id=5891, stack(0x00007000082fe000,0x00007000083fe000)]
  0x00007fcc7a848000 JavaThread "Reference Handler" daemon [_thread_blocked, id=14595, stack(0x0000700008a13000,0x0000700008b13000)]
  0x00007fcc7a84b000 JavaThread "Finalizer" daemon [_thread_blocked, id=15363, stack(0x0000700008b16000,0x0000700008c16000)]
  0x00007fcc7a85b800 JavaThread "Signal Dispatcher" daemon [_thread_blocked, id=21763, stack(0x0000700008d1f000,0x0000700008e1f000)]
  0x00007fcc7b842000 JavaThread "C2 CompilerThread0" daemon [_thread_blocked, id=22275, stack(0x0000700008e22000,0x0000700008f22000)]
  0x00007fcc7c022800 JavaThread "C1 CompilerThread0" daemon [_thread_blocked, id=42755, stack(0x0000700008f25000,0x0000700009025000)]
  0x00007fcc7b051000 JavaThread "Sweeper thread" daemon [_thread_blocked, id=42499, stack(0x0000700009028000,0x0000700009128000)]
  0x00007fcc7b8ab000 JavaThread "Common-Cleaner" daemon [_thread_blocked, id=41987, stack(0x000070000912b000,0x000070000922b000)]
  0x00007fcc7b011000 JavaThread "Monitor Ctrl-Break" daemon [_thread_in_native, id=23555, stack(0x000070000922e000,0x000070000932e000)]
  0x00007fcc7b05e000 JavaThread "Service Thread" daemon [_thread_blocked, id=23811, stack(0x0000700009331000,0x0000700009431000)]
=>0x00007fcc7c080000 JavaThread "AppKit Thread" daemon [_thread_in_native, id=775, stack(0x00007ffee9a79000,0x00007ffeea279000)]
  0x00007fcc7b06d800 JavaThread "AWT-Shutdown" [_thread_blocked, id=33539, stack(0x00007000095ba000,0x00007000096ba000)]

Other Threads:
  0x00007fcc7c019000 VMThread "VM Thread" [stack: 0x0000700008910000,0x0000700008a10000] [id=13827]
  0x00007fcc7a8f9000 WatcherThread [stack: 0x0000700009434000,0x0000700009534000] [id=40451]
  0x00007fcc7c008000 GCTaskThread "GC Thread#0" [stack: 0x0000700008401000,0x0000700008501000] [id=11779]
  0x00007fcc7a823800 ConcurrentGCThread "G1 Main Marker" [stack: 0x0000700008504000,0x0000700008604000] [id=20995]
  0x00007fcc7a824000 ConcurrentGCThread "G1 Conc#0" [stack: 0x0000700008607000,0x0000700008707000] [id=20739]
  0x00007fcc7a83e800 ConcurrentGCThread "G1 Refine#0" [stack: 0x000070000870a000,0x000070000880a000] [id=20483]
  0x00007fcc7b839800 ConcurrentGCThread "G1 Young RemSet Sampling" [stack: 0x000070000880d000,0x000070000890d000] [id=19971]

Threads with active compile tasks:

VM state:not at safepoint (normal execution)

VM Mutex/Monitor currently owned by a thread: None

Heap address: 0x0000000780000000, size: 2048 MB, Compressed Oops mode: Zero based, Oop shift amount: 3
Narrow klass base: 0x0000000800000000, Narrow klass shift: 3
Compressed class space size: 1073741824 Address: 0x0000000800ae0000

Heap:
 garbage-first heap   total 133120K, used 5880K [0x0000000780000000, 0x0000000800000000)
  region size 1024K, 6 young (6144K), 0 survivors (0K)
 Metaspace       used 3107K, capacity 5444K, committed 5760K, reserved 1056768K
  class space    used 285K, capacity 515K, committed 640K, reserved 1048576K
Heap Regions: E=young(eden), S=young(survivor), O=old, HS=humongous(starts), HC=humongous(continues), CS=collection set, F=free, A=archive, TAMS=top-at-mark-start (previous, next)
|   0|0x0000000780000000, 0x0000000780000000, 0x0000000780100000|  0%| F|  |TAMS 0x0000000780000000, 0x0000000780000000| Untracked 
|   1|0x0000000780100000, 0x0000000780100000, 0x0000000780200000|  0%| F|  |TAMS 0x0000000780100000, 0x0000000780100000| Untracked 
|   2|0x0000000780200000, 0x0000000780200000, 0x0000000780300000|  0%| F|  |TAMS 0x0000000780200000, 0x0000000780200000| Untracked 
|   3|0x0000000780300000, 0x0000000780300000, 0x0000000780400000|  0%| F|  |TAMS 0x0000000780300000, 0x0000000780300000| Untracked 
|   4|0x0000000780400000, 0x0000000780400000, 0x0000000780500000|  0%| F|  |TAMS 0x0000000780400000, 0x0000000780400000| Untracked 
|   5|0x0000000780500000, 0x0000000780500000, 0x0000000780600000|  0%| F|  |TAMS 0x0000000780500000, 0x0000000780500000| Untracked 
|   6|0x0000000780600000, 0x0000000780600000, 0x0000000780700000|  0%| F|  |TAMS 0x0000000780600000, 0x0000000780600000| Untracked 
|   7|0x0000000780700000, 0x0000000780700000, 0x0000000780800000|  0%| F|  |TAMS 0x0000000780700000, 0x0000000780700000| Untracked 
|   8|0x0000000780800000, 0x0000000780800000, 0x0000000780900000|  0%| F|  |TAMS 0x0000000780800000, 0x0000000780800000| Untracked 
|   9|0x0000000780900000, 0x0000000780900000, 0x0000000780a00000|  0%| F|  |TAMS 0x0000000780900000, 0x0000000780900000| Untracked 
|  10|0x0000000780a00000, 0x0000000780a00000, 0x0000000780b00000|  0%| F|  |TAMS 0x0000000780a00000, 0x0000000780a00000| Untracked 
|  11|0x0000000780b00000, 0x0000000780b00000, 0x0000000780c00000|  0%| F|  |TAMS 0x0000000780b00000, 0x0000000780b00000| Untracked 
|  12|0x0000000780c00000, 0x0000000780c00000, 0x0000000780d00000|  0%| F|  |TAMS 0x0000000780c00000, 0x0000000780c00000| Untracked 
|  13|0x0000000780d00000, 0x0000000780d00000, 0x0000000780e00000|  0%| F|  |TAMS 0x0000000780d00000, 0x0000000780d00000| Untracked 
|  14|0x0000000780e00000, 0x0000000780e00000, 0x0000000780f00000|  0%| F|  |TAMS 0x0000000780e00000, 0x0000000780e00000| Untracked 
|  15|0x0000000780f00000, 0x0000000780f00000, 0x0000000781000000|  0%| F|  |TAMS 0x0000000780f00000, 0x0000000780f00000| Untracked 
|  16|0x0000000781000000, 0x0000000781000000, 0x0000000781100000|  0%| F|  |TAMS 0x0000000781000000, 0x0000000781000000| Untracked 
|  17|0x0000000781100000, 0x0000000781100000, 0x0000000781200000|  0%| F|  |TAMS 0x0000000781100000, 0x0000000781100000| Untracked 
|  18|0x0000000781200000, 0x0000000781200000, 0x0000000781300000|  0%| F|  |TAMS 0x0000000781200000, 0x0000000781200000| Untracked 
|  19|0x0000000781300000, 0x0000000781300000, 0x0000000781400000|  0%| F|  |TAMS 0x0000000781300000, 0x0000000781300000| Untracked 
|  20|0x0000000781400000, 0x0000000781400000, 0x0000000781500000|  0%| F|  |TAMS 0x0000000781400000, 0x0000000781400000| Untracked 
|  21|0x0000000781500000, 0x0000000781500000, 0x0000000781600000|  0%| F|  |TAMS 0x0000000781500000, 0x0000000781500000| Untracked 
|  22|0x0000000781600000, 0x0000000781600000, 0x0000000781700000|  0%| F|  |TAMS 0x0000000781600000, 0x0000000781600000| Untracked 
|  23|0x0000000781700000, 0x0000000781700000, 0x0000000781800000|  0%| F|  |TAMS 0x0000000781700000, 0x0000000781700000| Untracked 
|  24|0x0000000781800000, 0x0000000781800000, 0x0000000781900000|  0%| F|  |TAMS 0x0000000781800000, 0x0000000781800000| Untracked 
|  25|0x0000000781900000, 0x0000000781900000, 0x0000000781a00000|  0%| F|  |TAMS 0x0000000781900000, 0x0000000781900000| Untracked 
|  26|0x0000000781a00000, 0x0000000781a00000, 0x0000000781b00000|  0%| F|  |TAMS 0x0000000781a00000, 0x0000000781a00000| Untracked 
|  27|0x0000000781b00000, 0x0000000781b00000, 0x0000000781c00000|  0%| F|  |TAMS 0x0000000781b00000, 0x0000000781b00000| Untracked 
|  28|0x0000000781c00000, 0x0000000781c00000, 0x0000000781d00000|  0%| F|  |TAMS 0x0000000781c00000, 0x0000000781c00000| Untracked 
|  29|0x0000000781d00000, 0x0000000781d00000, 0x0000000781e00000|  0%| F|  |TAMS 0x0000000781d00000, 0x0000000781d00000| Untracked 
|  30|0x0000000781e00000, 0x0000000781e00000, 0x0000000781f00000|  0%| F|  |TAMS 0x0000000781e00000, 0x0000000781e00000| Untracked 
|  31|0x0000000781f00000, 0x0000000781f00000, 0x0000000782000000|  0%| F|  |TAMS 0x0000000781f00000, 0x0000000781f00000| Untracked 
|  32|0x0000000782000000, 0x0000000782000000, 0x0000000782100000|  0%| F|  |TAMS 0x0000000782000000, 0x0000000782000000| Untracked 
|  33|0x0000000782100000, 0x0000000782100000, 0x0000000782200000|  0%| F|  |TAMS 0x0000000782100000, 0x0000000782100000| Untracked 
|  34|0x0000000782200000, 0x0000000782200000, 0x0000000782300000|  0%| F|  |TAMS 0x0000000782200000, 0x0000000782200000| Untracked 
|  35|0x0000000782300000, 0x0000000782300000, 0x0000000782400000|  0%| F|  |TAMS 0x0000000782300000, 0x0000000782300000| Untracked 
|  36|0x0000000782400000, 0x0000000782400000, 0x0000000782500000|  0%| F|  |TAMS 0x0000000782400000, 0x0000000782400000| Untracked 
|  37|0x0000000782500000, 0x0000000782500000, 0x0000000782600000|  0%| F|  |TAMS 0x0000000782500000, 0x0000000782500000| Untracked 
|  38|0x0000000782600000, 0x0000000782600000, 0x0000000782700000|  0%| F|  |TAMS 0x0000000782600000, 0x0000000782600000| Untracked 
|  39|0x0000000782700000, 0x0000000782700000, 0x0000000782800000|  0%| F|  |TAMS 0x0000000782700000, 0x0000000782700000| Untracked 
|  40|0x0000000782800000, 0x0000000782800000, 0x0000000782900000|  0%| F|  |TAMS 0x0000000782800000, 0x0000000782800000| Untracked 
|  41|0x0000000782900000, 0x0000000782900000, 0x0000000782a00000|  0%| F|  |TAMS 0x0000000782900000, 0x0000000782900000| Untracked 
|  42|0x0000000782a00000, 0x0000000782a00000, 0x0000000782b00000|  0%| F|  |TAMS 0x0000000782a00000, 0x0000000782a00000| Untracked 
|  43|0x0000000782b00000, 0x0000000782b00000, 0x0000000782c00000|  0%| F|  |TAMS 0x0000000782b00000, 0x0000000782b00000| Untracked 
|  44|0x0000000782c00000, 0x0000000782c00000, 0x0000000782d00000|  0%| F|  |TAMS 0x0000000782c00000, 0x0000000782c00000| Untracked 
|  45|0x0000000782d00000, 0x0000000782d00000, 0x0000000782e00000|  0%| F|  |TAMS 0x0000000782d00000, 0x0000000782d00000| Untracked 
|  46|0x0000000782e00000, 0x0000000782e00000, 0x0000000782f00000|  0%| F|  |TAMS 0x0000000782e00000, 0x0000000782e00000| Untracked 
|  47|0x0000000782f00000, 0x0000000782f00000, 0x0000000783000000|  0%| F|  |TAMS 0x0000000782f00000, 0x0000000782f00000| Untracked 
|  48|0x0000000783000000, 0x0000000783000000, 0x0000000783100000|  0%| F|  |TAMS 0x0000000783000000, 0x0000000783000000| Untracked 
|  49|0x0000000783100000, 0x0000000783100000, 0x0000000783200000|  0%| F|  |TAMS 0x0000000783100000, 0x0000000783100000| Untracked 
|  50|0x0000000783200000, 0x0000000783200000, 0x0000000783300000|  0%| F|  |TAMS 0x0000000783200000, 0x0000000783200000| Untracked 
|  51|0x0000000783300000, 0x0000000783300000, 0x0000000783400000|  0%| F|  |TAMS 0x0000000783300000, 0x0000000783300000| Untracked 
|  52|0x0000000783400000, 0x0000000783400000, 0x0000000783500000|  0%| F|  |TAMS 0x0000000783400000, 0x0000000783400000| Untracked 
|  53|0x0000000783500000, 0x0000000783500000, 0x0000000783600000|  0%| F|  |TAMS 0x0000000783500000, 0x0000000783500000| Untracked 
|  54|0x0000000783600000, 0x0000000783600000, 0x0000000783700000|  0%| F|  |TAMS 0x0000000783600000, 0x0000000783600000| Untracked 
|  55|0x0000000783700000, 0x0000000783700000, 0x0000000783800000|  0%| F|  |TAMS 0x0000000783700000, 0x0000000783700000| Untracked 
|  56|0x0000000783800000, 0x0000000783800000, 0x0000000783900000|  0%| F|  |TAMS 0x0000000783800000, 0x0000000783800000| Untracked 
|  57|0x0000000783900000, 0x0000000783900000, 0x0000000783a00000|  0%| F|  |TAMS 0x0000000783900000, 0x0000000783900000| Untracked 
|  58|0x0000000783a00000, 0x0000000783a00000, 0x0000000783b00000|  0%| F|  |TAMS 0x0000000783a00000, 0x0000000783a00000| Untracked 
|  59|0x0000000783b00000, 0x0000000783b00000, 0x0000000783c00000|  0%| F|  |TAMS 0x0000000783b00000, 0x0000000783b00000| Untracked 
|  60|0x0000000783c00000, 0x0000000783c00000, 0x0000000783d00000|  0%| F|  |TAMS 0x0000000783c00000, 0x0000000783c00000| Untracked 
|  61|0x0000000783d00000, 0x0000000783d00000, 0x0000000783e00000|  0%| F|  |TAMS 0x0000000783d00000, 0x0000000783d00000| Untracked 
|  62|0x0000000783e00000, 0x0000000783e00000, 0x0000000783f00000|  0%| F|  |TAMS 0x0000000783e00000, 0x0000000783e00000| Untracked 
|  63|0x0000000783f00000, 0x0000000783f00000, 0x0000000784000000|  0%| F|  |TAMS 0x0000000783f00000, 0x0000000783f00000| Untracked 
|  64|0x0000000784000000, 0x0000000784000000, 0x0000000784100000|  0%| F|  |TAMS 0x0000000784000000, 0x0000000784000000| Untracked 
|  65|0x0000000784100000, 0x0000000784100000, 0x0000000784200000|  0%| F|  |TAMS 0x0000000784100000, 0x0000000784100000| Untracked 
|  66|0x0000000784200000, 0x0000000784200000, 0x0000000784300000|  0%| F|  |TAMS 0x0000000784200000, 0x0000000784200000| Untracked 
|  67|0x0000000784300000, 0x0000000784300000, 0x0000000784400000|  0%| F|  |TAMS 0x0000000784300000, 0x0000000784300000| Untracked 
|  68|0x0000000784400000, 0x0000000784400000, 0x0000000784500000|  0%| F|  |TAMS 0x0000000784400000, 0x0000000784400000| Untracked 
|  69|0x0000000784500000, 0x0000000784500000, 0x0000000784600000|  0%| F|  |TAMS 0x0000000784500000, 0x0000000784500000| Untracked 
|  70|0x0000000784600000, 0x0000000784600000, 0x0000000784700000|  0%| F|  |TAMS 0x0000000784600000, 0x0000000784600000| Untracked 
|  71|0x0000000784700000, 0x0000000784700000, 0x0000000784800000|  0%| F|  |TAMS 0x0000000784700000, 0x0000000784700000| Untracked 
|  72|0x0000000784800000, 0x0000000784800000, 0x0000000784900000|  0%| F|  |TAMS 0x0000000784800000, 0x0000000784800000| Untracked 
|  73|0x0000000784900000, 0x0000000784900000, 0x0000000784a00000|  0%| F|  |TAMS 0x0000000784900000, 0x0000000784900000| Untracked 
|  74|0x0000000784a00000, 0x0000000784a00000, 0x0000000784b00000|  0%| F|  |TAMS 0x0000000784a00000, 0x0000000784a00000| Untracked 
|  75|0x0000000784b00000, 0x0000000784b00000, 0x0000000784c00000|  0%| F|  |TAMS 0x0000000784b00000, 0x0000000784b00000| Untracked 
|  76|0x0000000784c00000, 0x0000000784c00000, 0x0000000784d00000|  0%| F|  |TAMS 0x0000000784c00000, 0x0000000784c00000| Untracked 
|  77|0x0000000784d00000, 0x0000000784d00000, 0x0000000784e00000|  0%| F|  |TAMS 0x0000000784d00000, 0x0000000784d00000| Untracked 
|  78|0x0000000784e00000, 0x0000000784e00000, 0x0000000784f00000|  0%| F|  |TAMS 0x0000000784e00000, 0x0000000784e00000| Untracked 
|  79|0x0000000784f00000, 0x0000000784f00000, 0x0000000785000000|  0%| F|  |TAMS 0x0000000784f00000, 0x0000000784f00000| Untracked 
|  80|0x0000000785000000, 0x0000000785000000, 0x0000000785100000|  0%| F|  |TAMS 0x0000000785000000, 0x0000000785000000| Untracked 
|  81|0x0000000785100000, 0x0000000785100000, 0x0000000785200000|  0%| F|  |TAMS 0x0000000785100000, 0x0000000785100000| Untracked 
|  82|0x0000000785200000, 0x0000000785200000, 0x0000000785300000|  0%| F|  |TAMS 0x0000000785200000, 0x0000000785200000| Untracked 
|  83|0x0000000785300000, 0x0000000785300000, 0x0000000785400000|  0%| F|  |TAMS 0x0000000785300000, 0x0000000785300000| Untracked 
|  84|0x0000000785400000, 0x0000000785400000, 0x0000000785500000|  0%| F|  |TAMS 0x0000000785400000, 0x0000000785400000| Untracked 
|  85|0x0000000785500000, 0x0000000785500000, 0x0000000785600000|  0%| F|  |TAMS 0x0000000785500000, 0x0000000785500000| Untracked 
|  86|0x0000000785600000, 0x0000000785600000, 0x0000000785700000|  0%| F|  |TAMS 0x0000000785600000, 0x0000000785600000| Untracked 
|  87|0x0000000785700000, 0x0000000785700000, 0x0000000785800000|  0%| F|  |TAMS 0x0000000785700000, 0x0000000785700000| Untracked 
|  88|0x0000000785800000, 0x0000000785800000, 0x0000000785900000|  0%| F|  |TAMS 0x0000000785800000, 0x0000000785800000| Untracked 
|  89|0x0000000785900000, 0x0000000785900000, 0x0000000785a00000|  0%| F|  |TAMS 0x0000000785900000, 0x0000000785900000| Untracked 
|  90|0x0000000785a00000, 0x0000000785a00000, 0x0000000785b00000|  0%| F|  |TAMS 0x0000000785a00000, 0x0000000785a00000| Untracked 
|  91|0x0000000785b00000, 0x0000000785b00000, 0x0000000785c00000|  0%| F|  |TAMS 0x0000000785b00000, 0x0000000785b00000| Untracked 
|  92|0x0000000785c00000, 0x0000000785c00000, 0x0000000785d00000|  0%| F|  |TAMS 0x0000000785c00000, 0x0000000785c00000| Untracked 
|  93|0x0000000785d00000, 0x0000000785d00000, 0x0000000785e00000|  0%| F|  |TAMS 0x0000000785d00000, 0x0000000785d00000| Untracked 
|  94|0x0000000785e00000, 0x0000000785e00000, 0x0000000785f00000|  0%| F|  |TAMS 0x0000000785e00000, 0x0000000785e00000| Untracked 
|  95|0x0000000785f00000, 0x0000000785f00000, 0x0000000786000000|  0%| F|  |TAMS 0x0000000785f00000, 0x0000000785f00000| Untracked 
|  96|0x0000000786000000, 0x0000000786000000, 0x0000000786100000|  0%| F|  |TAMS 0x0000000786000000, 0x0000000786000000| Untracked 
|  97|0x0000000786100000, 0x0000000786100000, 0x0000000786200000|  0%| F|  |TAMS 0x0000000786100000, 0x0000000786100000| Untracked 
|  98|0x0000000786200000, 0x0000000786200000, 0x0000000786300000|  0%| F|  |TAMS 0x0000000786200000, 0x0000000786200000| Untracked 
|  99|0x0000000786300000, 0x0000000786300000, 0x0000000786400000|  0%| F|  |TAMS 0x0000000786300000, 0x0000000786300000| Untracked 
| 100|0x0000000786400000, 0x0000000786400000, 0x0000000786500000|  0%| F|  |TAMS 0x0000000786400000, 0x0000000786400000| Untracked 
| 101|0x0000000786500000, 0x0000000786500000, 0x0000000786600000|  0%| F|  |TAMS 0x0000000786500000, 0x0000000786500000| Untracked 
| 102|0x0000000786600000, 0x0000000786600000, 0x0000000786700000|  0%| F|  |TAMS 0x0000000786600000, 0x0000000786600000| Untracked 
| 103|0x0000000786700000, 0x0000000786700000, 0x0000000786800000|  0%| F|  |TAMS 0x0000000786700000, 0x0000000786700000| Untracked 
| 104|0x0000000786800000, 0x0000000786800000, 0x0000000786900000|  0%| F|  |TAMS 0x0000000786800000, 0x0000000786800000| Untracked 
| 105|0x0000000786900000, 0x0000000786900000, 0x0000000786a00000|  0%| F|  |TAMS 0x0000000786900000, 0x0000000786900000| Untracked 
| 106|0x0000000786a00000, 0x0000000786a00000, 0x0000000786b00000|  0%| F|  |TAMS 0x0000000786a00000, 0x0000000786a00000| Untracked 
| 107|0x0000000786b00000, 0x0000000786b00000, 0x0000000786c00000|  0%| F|  |TAMS 0x0000000786b00000, 0x0000000786b00000| Untracked 
| 108|0x0000000786c00000, 0x0000000786c00000, 0x0000000786d00000|  0%| F|  |TAMS 0x0000000786c00000, 0x0000000786c00000| Untracked 
| 109|0x0000000786d00000, 0x0000000786d00000, 0x0000000786e00000|  0%| F|  |TAMS 0x0000000786d00000, 0x0000000786d00000| Untracked 
| 110|0x0000000786e00000, 0x0000000786e00000, 0x0000000786f00000|  0%| F|  |TAMS 0x0000000786e00000, 0x0000000786e00000| Untracked 
| 111|0x0000000786f00000, 0x0000000786f00000, 0x0000000787000000|  0%| F|  |TAMS 0x0000000786f00000, 0x0000000786f00000| Untracked 
| 112|0x0000000787000000, 0x0000000787000000, 0x0000000787100000|  0%| F|  |TAMS 0x0000000787000000, 0x0000000787000000| Untracked 
| 113|0x0000000787100000, 0x0000000787100000, 0x0000000787200000|  0%| F|  |TAMS 0x0000000787100000, 0x0000000787100000| Untracked 
| 114|0x0000000787200000, 0x0000000787200000, 0x0000000787300000|  0%| F|  |TAMS 0x0000000787200000, 0x0000000787200000| Untracked 
| 115|0x0000000787300000, 0x0000000787300000, 0x0000000787400000|  0%| F|  |TAMS 0x0000000787300000, 0x0000000787300000| Untracked 
| 116|0x0000000787400000, 0x0000000787400000, 0x0000000787500000|  0%| F|  |TAMS 0x0000000787400000, 0x0000000787400000| Untracked 
| 117|0x0000000787500000, 0x0000000787500000, 0x0000000787600000|  0%| F|  |TAMS 0x0000000787500000, 0x0000000787500000| Untracked 
| 118|0x0000000787600000, 0x0000000787600000, 0x0000000787700000|  0%| F|  |TAMS 0x0000000787600000, 0x0000000787600000| Untracked 
| 119|0x0000000787700000, 0x0000000787700000, 0x0000000787800000|  0%| F|  |TAMS 0x0000000787700000, 0x0000000787700000| Untracked 
| 120|0x0000000787800000, 0x0000000787800000, 0x0000000787900000|  0%| F|  |TAMS 0x0000000787800000, 0x0000000787800000| Untracked 
| 121|0x0000000787900000, 0x0000000787900000, 0x0000000787a00000|  0%| F|  |TAMS 0x0000000787900000, 0x0000000787900000| Untracked 
| 122|0x0000000787a00000, 0x0000000787a4d710, 0x0000000787b00000| 30%| E|  |TAMS 0x0000000787a00000, 0x0000000787a00000| Complete 
| 123|0x0000000787b00000, 0x0000000787c00000, 0x0000000787c00000|100%| E|CS|TAMS 0x0000000787b00000, 0x0000000787b00000| Complete 
| 124|0x0000000787c00000, 0x0000000787d00000, 0x0000000787d00000|100%| E|CS|TAMS 0x0000000787c00000, 0x0000000787c00000| Complete 
| 125|0x0000000787d00000, 0x0000000787e00000, 0x0000000787e00000|100%| E|CS|TAMS 0x0000000787d00000, 0x0000000787d00000| Complete 
| 126|0x0000000787e00000, 0x0000000787f00000, 0x0000000787f00000|100%| E|CS|TAMS 0x0000000787e00000, 0x0000000787e00000| Complete 
| 127|0x0000000787f00000, 0x0000000788000000, 0x0000000788000000|100%| E|CS|TAMS 0x0000000787f00000, 0x0000000787f00000| Complete 
|1022|0x00000007bfe00000, 0x00000007bfe47000, 0x00000007bff00000| 27%|OA|  |TAMS 0x00000007bfe00000, 0x00000007bfe00000| Untracked 
|1023|0x00000007bff00000, 0x00000007bff77000, 0x00000007c0000000| 46%|CA|  |TAMS 0x00000007bff00000, 0x00000007bff00000| Untracked 

Card table byte_map: [0x000000011f093000,0x000000011f493000] _byte_map_base: 0x000000011b493000

Marking Bits (Prev, Next): (CMBitMap*) 0x00007fcc7a812e18, (CMBitMap*) 0x00007fcc7a812e58
 Prev Bits: [0x000000011f893000, 0x0000000121893000)
 Next Bits: [0x0000000121893000, 0x0000000123893000)

Polling page: 0x00000001059f7000

Metaspace:

Usage:
  Non-class:      4.81 MB capacity,     2.76 MB ( 57%) used,     2.05 MB ( 43%) free+waste,     7.00 KB ( <1%) overhead. 
      Class:    515.00 KB capacity,   285.52 KB ( 55%) used,   225.41 KB ( 44%) free+waste,     4.06 KB ( <1%) overhead. 
       Both:      5.32 MB capacity,     3.03 MB ( 57%) used,     2.27 MB ( 43%) free+waste,    11.06 KB ( <1%) overhead. 

Virtual space:
  Non-class space:        8.00 MB reserved,       5.00 MB ( 62%) committed 
      Class space:        1.00 GB reserved,     640.00 KB ( <1%) committed 
             Both:        1.01 GB reserved,       5.62 MB ( <1%) committed 

Chunk freelists:
   Non-Class:  115.00 KB
       Class:  0 bytes
        Both:  115.00 KB

MaxMetaspaceSize: unlimited
CompressedClassSpaceSize: 1.00 GB

CodeHeap 'non-profiled nmethods': size=120032Kb used=154Kb max_used=154Kb free=119877Kb
 bounds [0x000000011745b000, 0x00000001176cb000, 0x000000011e993000]
CodeHeap 'profiled nmethods': size=120032Kb used=739Kb max_used=739Kb free=119292Kb
 bounds [0x000000010ff23000, 0x0000000110193000, 0x000000011745b000]
CodeHeap 'non-nmethods': size=5696Kb used=1152Kb max_used=1158Kb free=4543Kb
 bounds [0x000000010f993000, 0x000000010fc03000, 0x000000010ff23000]
 total_blobs=1000 nmethods=505 adapters=311
 compilation: enabled
              stopped_count=0, restarted_count=0
 full_count=0

Compilation events (20 events):
Event: 0.606 Thread 0x00007fcc7c022800  497       3       java.lang.reflect.Modifier::isFinal (13 bytes)
Event: 0.606 Thread 0x00007fcc7c022800 nmethod 497 0x000000010ffd8610 code [0x000000010ffd87a0, 0x000000010ffd8930]
Event: 0.607 Thread 0x00007fcc7c022800  498       1       java.lang.reflect.Field::getType (5 bytes)
Event: 0.607 Thread 0x00007fcc7c022800 nmethod 498 0x0000000117481590 code [0x0000000117481720, 0x0000000117481850]
Event: 0.608 Thread 0x00007fcc7c022800  499       3       java.lang.Integer::valueOf (32 bytes)
Event: 0.608 Thread 0x00007fcc7c022800 nmethod 499 0x000000010ffd8990 code [0x000000010ffd8b40, 0x000000010ffd8eb0]
Event: 0.608 Thread 0x00007fcc7c022800  500       3       java.lang.String::substring (68 bytes)
Event: 0.609 Thread 0x00007fcc7c022800 nmethod 500 0x000000010ffd9010 code [0x000000010ffd9240, 0x000000010ffd9a18]
Event: 0.613 Thread 0x00007fcc7c022800  501       3       java.lang.reflect.Modifier::isPublic (12 bytes)
Event: 0.613 Thread 0x00007fcc7c022800 nmethod 501 0x000000010ffd9c90 code [0x000000010ffd9e20, 0x000000010ffd9fb0]
Event: 0.613 Thread 0x00007fcc7c022800  503       3       java.lang.reflect.Field::setFieldAccessor (34 bytes)
Event: 0.614 Thread 0x00007fcc7c022800 nmethod 503 0x000000010ffda010 code [0x000000010ffda1e0, 0x000000010ffda6a8]
Event: 0.614 Thread 0x00007fcc7c022800  502       1       java.lang.reflect.Field::getRoot (5 bytes)
Event: 0.614 Thread 0x00007fcc7c022800 nmethod 502 0x0000000117481890 code [0x0000000117481a20, 0x0000000117481b50]
Event: 0.617 Thread 0x00007fcc7c022800  504       3       java.nio.Buffer::remaining (10 bytes)
Event: 0.617 Thread 0x00007fcc7c022800 nmethod 504 0x000000010ffda790 code [0x000000010ffda920, 0x000000010ffdaa90]
Event: 0.626 Thread 0x00007fcc7c022800  505       3       java.lang.ref.SoftReference::get (29 bytes)
Event: 0.626 Thread 0x00007fcc7c022800 nmethod 505 0x000000010ffdab10 code [0x000000010ffdacc0, 0x000000010ffdaf10]
Event: 0.644 Thread 0x00007fcc7c022800  506       3       java.lang.StringCoding::encodeUTF8 (132 bytes)
Event: 0.645 Thread 0x00007fcc7c022800 nmethod 506 0x000000010ffdaf90 code [0x000000010ffdb1c0, 0x000000010ffdbc48]

GC Heap History (0 events):
No events

Deoptimization events (0 events):
No events

Classes unloaded (0 events):
No events

Classes redefined (0 events):
No events

Internal exceptions (5 events):
Event: 0.195 Thread 0x00007fcc7c005800 Exception <a 'java/lang/ClassNotFoundException'{0x0000000787d9f550}: sun/awt/resources/spi/awtProvider> (0x0000000787d9f550) 
thrown [/scratch/mesos/slaves/fcf4c0c4-d73e-4321-860c-6613427db92b-S2452/frameworks/1735e8a2-a1db-478c-8104-60c8b0af87dd-0196/executors/ab12d1f8-defd-4a26-b83a-82b67c14bc8d/runs/ad8904cf-d9a8-428f-8f86-4d88be7b86bd/workspace/open/src/hotspot/share/classfile/systemDictionary.cpp, line 232]
Event: 0.225 Thread 0x00007fcc7c005800 Exception <a 'java/io/FileNotFoundException'{0x0000000787dec360}> (0x0000000787dec360) 
thrown [/scratch/mesos/slaves/fcf4c0c4-d73e-4321-860c-6613427db92b-S2452/frameworks/1735e8a2-a1db-478c-8104-60c8b0af87dd-0196/executors/ab12d1f8-defd-4a26-b83a-82b67c14bc8d/runs/ad8904cf-d9a8-428f-8f86-4d88be7b86bd/workspace/open/src/hotspot/share/prims/jni.cpp, line 598]
Event: 0.232 Thread 0x00007fcc7c005800 Exception <a 'java/io/FileNotFoundException'{0x0000000787c12ce0}> (0x0000000787c12ce0) 
thrown [/scratch/mesos/slaves/fcf4c0c4-d73e-4321-860c-6613427db92b-S2452/frameworks/1735e8a2-a1db-478c-8104-60c8b0af87dd-0196/executors/ab12d1f8-defd-4a26-b83a-82b67c14bc8d/runs/ad8904cf-d9a8-428f-8f86-4d88be7b86bd/workspace/open/src/hotspot/share/prims/jni.cpp, line 598]
Event: 0.237 Thread 0x00007fcc7c005800 Exception <a 'java/lang/ClassNotFoundException'{0x0000000787c166c0}: sun/awt/resources/spi/awtosxProvider> (0x0000000787c166c0) 
thrown [/scratch/mesos/slaves/fcf4c0c4-d73e-4321-860c-6613427db92b-S2452/frameworks/1735e8a2-a1db-478c-8104-60c8b0af87dd-0196/executors/ab12d1f8-defd-4a26-b83a-82b67c14bc8d/runs/ad8904cf-d9a8-428f-8f86-4d88be7b86bd/workspace/open/src/hotspot/share/classfile/systemDictionary.cpp, line 232]
Event: 0.517 Thread 0x00007fcc7c005800 Exception <a 'java/io/FileNotFoundException'{0x0000000787cc24e8}> (0x0000000787cc24e8) 
thrown [/scratch/mesos/slaves/fcf4c0c4-d73e-4321-860c-6613427db92b-S2452/frameworks/1735e8a2-a1db-478c-8104-60c8b0af87dd-0196/executors/ab12d1f8-defd-4a26-b83a-82b67c14bc8d/runs/ad8904cf-d9a8-428f-8f86-4d88be7b86bd/workspace/open/src/hotspot/share/prims/jni.cpp, line 598]

Events (20 events):
Event: 0.605 loading class jdk/internal/reflect/UnsafeQualifiedStaticIntegerFieldAccessorImpl
Event: 0.605 loading class jdk/internal/reflect/UnsafeQualifiedStaticIntegerFieldAccessorImpl done
Event: 0.614 loading class org/lwjgl/input/Keyboard$KeyEvent
Event: 0.614 loading class org/lwjgl/input/Keyboard$KeyEvent done
Event: 0.615 loading class org/lwjgl/opengl/MacOSXNativeKeyboard
Event: 0.615 loading class org/lwjgl/opengl/MacOSXNativeKeyboard done
Event: 0.617 loading class org/lwjgl/opengl/ContextGL
Event: 0.617 loading class org/lwjgl/opengl/ContextGL done
Event: 0.625 loading class org/lwjgl/opengl/ContextImplementation
Event: 0.625 loading class org/lwjgl/opengl/ContextImplementation done
Event: 0.625 loading class org/lwjgl/opengl/MacOSXContextImplementation
Event: 0.625 loading class org/lwjgl/opengl/MacOSXContextImplementation done
Event: 0.626 loading class org/lwjgl/opengl/GLContext
Event: 0.626 loading class org/lwjgl/opengl/GLContext done
Event: 0.627 loading class java/lang/NumberFormatException
Event: 0.630 loading class java/lang/NumberFormatException done
Event: 0.631 loading class org/lwjgl/opengl/GLContext$CapabilitiesCacheEntry
Event: 0.631 loading class org/lwjgl/opengl/GLContext$CapabilitiesCacheEntry done
Event: 0.644 loading class org/lwjgl/opengl/ContextCapabilities
Event: 0.644 loading class org/lwjgl/opengl/ContextCapabilities done


Dynamic libraries:
0x00007fff701e2000 	/usr/lib/libz.1.dylib
0x0000000105995000 	/Library/Java/JavaVirtualMachines/jdk-13.0.1.jdk/Contents/Home/lib/libjli.dylib
0x00007fff38b9b000 	/System/Library/Frameworks/Cocoa.framework/Versions/A/Cocoa
0x00007fff4614f000 	/System/Library/Frameworks/Security.framework/Versions/A/Security
0x00007fff37b3b000 	/System/Library/Frameworks/ApplicationServices.framework/Versions/A/ApplicationServices
0x00007fff6dcca000 	/usr/lib/libSystem.B.dylib
0x00007fff70c5a000 	/usr/lib/system/libcache.dylib
0x00007fff70c60000 	/usr/lib/system/libcommonCrypto.dylib
0x00007fff70c6c000 	/usr/lib/system/libcompiler_rt.dylib
0x00007fff70c74000 	/usr/lib/system/libcopyfile.dylib
0x00007fff70c7e000 	/usr/lib/system/libcorecrypto.dylib
0x00007fff70e2c000 	/usr/lib/system/libdispatch.dylib
0x00007fff70e6e000 	/usr/lib/system/libdyld.dylib
0x00007fff70ea4000 	/usr/lib/system/libkeymgr.dylib
0x00007fff70eb2000 	/usr/lib/system/liblaunch.dylib
0x00007fff70eb3000 	/usr/lib/system/libmacho.dylib
0x00007fff70eb9000 	/usr/lib/system/libquarantine.dylib
0x00007fff70ebc000 	/usr/lib/system/libremovefile.dylib
0x00007fff70ebe000 	/usr/lib/system/libsystem_asl.dylib
0x00007fff70ed6000 	/usr/lib/system/libsystem_blocks.dylib
0x00007fff70ed7000 	/usr/lib/system/libsystem_c.dylib
0x00007fff70f5f000 	/usr/lib/system/libsystem_configuration.dylib
0x00007fff70f63000 	/usr/lib/system/libsystem_coreservices.dylib
0x00007fff70f67000 	/usr/lib/system/libsystem_darwin.dylib
0x00007fff70f6f000 	/usr/lib/system/libsystem_dnssd.dylib
0x00007fff70f77000 	/usr/lib/system/libsystem_featureflags.dylib
0x00007fff70f79000 	/usr/lib/system/libsystem_info.dylib
0x00007fff70ff4000 	/usr/lib/system/libsystem_m.dylib
0x00007fff7103c000 	/usr/lib/system/libsystem_malloc.dylib
0x00007fff71064000 	/usr/lib/system/libsystem_networkextension.dylib
0x00007fff71072000 	/usr/lib/system/libsystem_notify.dylib
0x00007fff71091000 	/usr/lib/system/libsystem_sandbox.dylib
0x00007fff71096000 	/usr/lib/system/libsystem_secinit.dylib
0x00007fff70fc7000 	/usr/lib/system/libsystem_kernel.dylib
0x00007fff7107c000 	/usr/lib/system/libsystem_platform.dylib
0x00007fff71086000 	/usr/lib/system/libsystem_pthread.dylib
0x00007fff71099000 	/usr/lib/system/libsystem_symptoms.dylib
0x00007fff710a1000 	/usr/lib/system/libsystem_trace.dylib
0x00007fff710b9000 	/usr/lib/system/libunwind.dylib
0x00007fff710bf000 	/usr/lib/system/libxpc.dylib
0x00007fff6fb0a000 	/usr/lib/libobjc.A.dylib
0x00007fff6dffc000 	/usr/lib/libc++abi.dylib
0x00007fff6dfa8000 	/usr/lib/libc++.1.dylib
0x00007fff39b04000 	/System/Library/Frameworks/CoreFoundation.framework/Versions/A/CoreFoundation
0x00007fff3c1c7000 	/System/Library/Frameworks/Foundation.framework/Versions/C/Foundation
0x00007fff36d33000 	/System/Library/Frameworks/AppKit.framework/Versions/C/AppKit
0x00007fff39618000 	/System/Library/Frameworks/CoreData.framework/Versions/A/CoreData
0x00007fff6a575000 	/System/Library/PrivateFrameworks/UIFoundation.framework/Versions/A/UIFoundation
0x00007fff64da6000 	/System/Library/PrivateFrameworks/RemoteViewServices.framework/Versions/A/RemoteViewServices
0x00007fff6cff8000 	/System/Library/PrivateFrameworks/XCTTargetBootstrap.framework/Versions/A/XCTTargetBootstrap
0x00007fff399f7000 	/System/Library/Frameworks/CoreDisplay.framework/Versions/A/CoreDisplay
0x00007fff3ef3a000 	/System/Library/Frameworks/Metal.framework/Versions/A/Metal
0x00007fff532c8000 	/System/Library/PrivateFrameworks/DesktopServicesPriv.framework/Versions/A/DesktopServicesPriv
0x00007fff6edf5000 	/usr/lib/liblangid.dylib
0x00007fff5241f000 	/System/Library/PrivateFrameworks/CoreSVG.framework/Versions/A/CoreSVG
0x00007fff67b26000 	/System/Library/PrivateFrameworks/SkyLight.framework/Versions/A/SkyLight
0x00007fff39f85000 	/System/Library/Frameworks/CoreGraphics.framework/Versions/A/CoreGraphics
0x00007fff358d4000 	/System/Library/Frameworks/Accelerate.framework/Versions/A/Accelerate
0x00007fff700d3000 	/usr/lib/libxml2.2.dylib
0x00007fff5dfb5000 	/System/Library/PrivateFrameworks/IconServices.framework/Versions/A/IconServices
0x00007fff3c9a9000 	/System/Library/Frameworks/IOSurface.framework/Versions/A/IOSurface
0x00007fff6d802000 	/usr/lib/libDiagnosticMessagesClient.dylib
0x00007fff53141000 	/System/Library/PrivateFrameworks/DFRFoundation.framework/Versions/A/DFRFoundation
0x00007fff6eb83000 	/usr/lib/libicucore.A.dylib
0x00007fff37e6d000 	/System/Library/Frameworks/AudioToolbox.framework/Versions/A/AudioToolbox
0x00007fff37f4f000 	/System/Library/Frameworks/AudioUnit.framework/Versions/A/AudioUnit
0x00007fff6decc000 	/usr/lib/libauto.dylib
0x00007fff531c2000 	/System/Library/PrivateFrameworks/DataDetectorsCore.framework/Versions/A/DataDetectorsCore
0x00007fff386bb000 	/System/Library/Frameworks/Carbon.framework/Versions/A/Frameworks/HIToolbox.framework/Versions/A/HIToolbox
0x00007fff45384000 	/System/Library/Frameworks/QuartzCore.framework/Versions/A/QuartzCore
0x00007fff389fa000 	/System/Library/Frameworks/Carbon.framework/Versions/A/Frameworks/SpeechRecognition.framework/Versions/A/SpeechRecognition
0x00007fff52ac5000 	/System/Library/PrivateFrameworks/CoreUI.framework/Versions/A/CoreUI
0x00007fff3907e000 	/System/Library/Frameworks/CoreAudio.framework/Versions/A/CoreAudio
0x00007fff3be8f000 	/System/Library/Frameworks/DiskArbitration.framework/Versions/A/DiskArbitration
0x00007fff5ffbe000 	/System/Library/PrivateFrameworks/MultitouchSupport.framework/Versions/A/MultitouchSupport
0x00007fff6ea49000 	/usr/lib/libenergytrace.dylib
0x00007fff3c904000 	/System/Library/Frameworks/IOKit.framework/Versions/A/IOKit
0x00007fff3aef1000 	/System/Library/Frameworks/CoreServices.framework/Versions/A/CoreServices
0x00007fff62034000 	/System/Library/PrivateFrameworks/PerformanceAnalysis.framework/Versions/A/PerformanceAnalysis
0x00007fff443bb000 	/System/Library/Frameworks/OpenGL.framework/Versions/A/OpenGL
0x00007fff38ba9000 	/System/Library/Frameworks/ColorSync.framework/Versions/A/ColorSync
0x00007fff3a60b000 	/System/Library/Frameworks/CoreImage.framework/Versions/A/CoreImage
0x00007fff3b966000 	/System/Library/Frameworks/CoreText.framework/Versions/A/CoreText
0x00007fff3ca30000 	/System/Library/Frameworks/ImageIO.framework/Versions/A/ImageIO
0x00007fff6e024000 	/usr/lib/libcompression.dylib
0x00007fff6db44000 	/usr/lib/libMobileGestalt.dylib
0x00007fff69657000 	/System/Library/PrivateFrameworks/TextureIO.framework/Versions/A/TextureIO
0x00007fff6de32000 	/usr/lib/libate.dylib
0x00007fff5e1bd000 	/System/Library/PrivateFrameworks/InternationalSupport.framework/Versions/A/InternationalSupport
0x00007fff6edf7000 	/usr/lib/liblzma.5.dylib
0x00007fff6ea71000 	/usr/lib/libfakelink.dylib
0x00007fff6ddbf000 	/usr/lib/libarchive.2.dylib
0x00007fff47309000 	/System/Library/Frameworks/SystemConfiguration.framework/Versions/A/SystemConfiguration
0x00007fff6d733000 	/usr/lib/libCRFSuite.dylib
0x00007fff382c5000 	/System/Library/Frameworks/CFNetwork.framework/Versions/A/CFNetwork
0x00007fff6df8a000 	/usr/lib/libbsm.0.dylib
0x00007fff70ea5000 	/usr/lib/system/libkxld.dylib
0x00007fff4cc5e000 	/System/Library/PrivateFrameworks/AppleFSCompression.framework/Versions/A/AppleFSCompression
0x00007fff6e308000 	/usr/lib/libcoretls.dylib
0x00007fff6e31f000 	/usr/lib/libcoretls_cfhelpers.dylib
0x00007fff6fb4e000 	/usr/lib/libpam.2.dylib
0x00007fff6fc7e000 	/usr/lib/libsqlite3.dylib
0x00007fff700c0000 	/usr/lib/libxar.1.dylib
0x00007fff6df9b000 	/usr/lib/libbz2.1.0.dylib
0x00007fff6ea92000 	/usr/lib/libiconv.2.dylib
0x00007fff6e011000 	/usr/lib/libcharset.1.dylib
0x00007fff6f5f9000 	/usr/lib/libnetwork.dylib
0x00007fff6fb55000 	/usr/lib/libpcap.A.dylib
0x00007fff6dd74000 	/usr/lib/libapple_nghttp2.dylib
0x00007fff3b2a8000 	/System/Library/Frameworks/CoreServices.framework/Versions/A/Frameworks/FSEvents.framework/Versions/A/FSEvents
0x00007fff3af78000 	/System/Library/Frameworks/CoreServices.framework/Versions/A/Frameworks/CarbonCore.framework/Versions/A/CarbonCore
0x00007fff3b4eb000 	/System/Library/Frameworks/CoreServices.framework/Versions/A/Frameworks/Metadata.framework/Versions/A/Metadata
0x00007fff3b584000 	/System/Library/Frameworks/CoreServices.framework/Versions/A/Frameworks/OSServices.framework/Versions/A/OSServices
0x00007fff3b5b2000 	/System/Library/Frameworks/CoreServices.framework/Versions/A/Frameworks/SearchKit.framework/Versions/A/SearchKit
0x00007fff3aef2000 	/System/Library/Frameworks/CoreServices.framework/Versions/A/Frameworks/AE.framework/Versions/A/AE
0x00007fff3b2b1000 	/System/Library/Frameworks/CoreServices.framework/Versions/A/Frameworks/LaunchServices.framework/Versions/A/LaunchServices
0x00007fff3b25a000 	/System/Library/Frameworks/CoreServices.framework/Versions/A/Frameworks/DictionaryServices.framework/Versions/A/DictionaryServices
0x00007fff3b61a000 	/System/Library/Frameworks/CoreServices.framework/Versions/A/Frameworks/SharedFileList.framework/Versions/A/SharedFileList
0x00007fff4020f000 	/System/Library/Frameworks/NetFS.framework/Versions/A/NetFS
0x00007fff60461000 	/System/Library/PrivateFrameworks/NetAuth.framework/Versions/A/NetAuth
0x00007fff6d3c2000 	/System/Library/PrivateFrameworks/login.framework/Versions/A/Frameworks/loginsupport.framework/Versions/A/loginsupport
0x00007fff69155000 	/System/Library/PrivateFrameworks/TCC.framework/Versions/A/TCC
0x00007fff517f2000 	/System/Library/PrivateFrameworks/CoreNLP.framework/Versions/A/CoreNLP
0x00007fff5f9ee000 	/System/Library/PrivateFrameworks/MetadataUtilities.framework/Versions/A/MetadataUtilities
0x00007fff6eecf000 	/usr/lib/libmecabra.dylib
0x00007fff6ee27000 	/usr/lib/libmecab.dylib
0x00007fff6ea82000 	/usr/lib/libgermantok.dylib
0x00007fff6dd5b000 	/usr/lib/libThaiTokenizer.dylib
0x00007fff6d76b000 	/usr/lib/libChineseTokenizer.dylib
0x00007fff358ec000 	/System/Library/Frameworks/Accelerate.framework/Versions/A/Frameworks/vImage.framework/Versions/A/vImage
0x00007fff36b8e000 	/System/Library/Frameworks/Accelerate.framework/Versions/A/Frameworks/vecLib.framework/Versions/A/vecLib
0x00007fff36ad2000 	/System/Library/Frameworks/Accelerate.framework/Versions/A/Frameworks/vecLib.framework/Versions/A/libvMisc.dylib
0x00007fff368f8000 	/System/Library/Frameworks/Accelerate.framework/Versions/A/Frameworks/vecLib.framework/Versions/A/libvDSP.dylib
0x00007fff35f58000 	/System/Library/Frameworks/Accelerate.framework/Versions/A/Frameworks/vecLib.framework/Versions/A/libBLAS.dylib
0x00007fff364b2000 	/System/Library/Frameworks/Accelerate.framework/Versions/A/Frameworks/vecLib.framework/Versions/A/libLAPACK.dylib
0x00007fff36858000 	/System/Library/Frameworks/Accelerate.framework/Versions/A/Frameworks/vecLib.framework/Versions/A/libLinearAlgebra.dylib
0x00007fff368e5000 	/System/Library/Frameworks/Accelerate.framework/Versions/A/Frameworks/vecLib.framework/Versions/A/libSparseBLAS.dylib
0x00007fff3686e000 	/System/Library/Frameworks/Accelerate.framework/Versions/A/Frameworks/vecLib.framework/Versions/A/libQuadrature.dylib
0x00007fff361c1000 	/System/Library/Frameworks/Accelerate.framework/Versions/A/Frameworks/vecLib.framework/Versions/A/libBNNS.dylib
0x00007fff36874000 	/System/Library/Frameworks/Accelerate.framework/Versions/A/Frameworks/vecLib.framework/Versions/A/libSparse.dylib
0x00007fff5e57b000 	/System/Library/PrivateFrameworks/LanguageModeling.framework/Versions/A/LanguageModeling
0x00007fff51191000 	/System/Library/PrivateFrameworks/CoreEmoji.framework/Versions/A/CoreEmoji
0x00007fff5e699000 	/System/Library/PrivateFrameworks/LinguisticData.framework/Versions/A/LinguisticData
0x00007fff5e64a000 	/System/Library/PrivateFrameworks/Lexicon.framework/Versions/A/Lexicon
0x00007fff6e012000 	/usr/lib/libcmph.dylib
0x00007fff42de1000 	/System/Library/Frameworks/OpenDirectory.framework/Versions/A/Frameworks/CFOpenDirectory.framework/Versions/A/CFOpenDirectory
0x00007fff42dfe000 	/System/Library/Frameworks/OpenDirectory.framework/Versions/A/OpenDirectory
0x00007fff4b0cf000 	/System/Library/PrivateFrameworks/APFS.framework/Versions/A/APFS
0x00007fff46496000 	/System/Library/Frameworks/SecurityFoundation.framework/Versions/A/SecurityFoundation
0x00007fff700bc000 	/usr/lib/libutil.dylib
0x00007fff52477000 	/System/Library/PrivateFrameworks/CoreServicesStore.framework/Versions/A/CoreServicesStore
0x00007fff46578000 	/System/Library/Frameworks/ServiceManagement.framework/Versions/A/ServiceManagement
0x00007fff4e410000 	/System/Library/PrivateFrameworks/BackgroundTaskManagement.framework/Versions/A/BackgroundTaskManagement
0x00007fff701b9000 	/usr/lib/libxslt.1.dylib
0x00007fff4d2c1000 	/System/Library/PrivateFrameworks/AppleSystemInfo.framework/Versions/A/AppleSystemInfo
0x00007fff3cc4c000 	/System/Library/Frameworks/ImageIO.framework/Versions/A/Resources/libJPEG.dylib
0x00007fff3cf0b000 	/System/Library/Frameworks/ImageIO.framework/Versions/A/Resources/libTIFF.dylib
0x00007fff3ceee000 	/System/Library/Frameworks/ImageIO.framework/Versions/A/Resources/libPng.dylib
0x00007fff3cb8d000 	/System/Library/Frameworks/ImageIO.framework/Versions/A/Resources/libGIF.dylib
0x00007fff3cb91000 	/System/Library/Frameworks/ImageIO.framework/Versions/A/Resources/libJP2.dylib
0x00007fff3cf09000 	/System/Library/Frameworks/ImageIO.framework/Versions/A/Resources/libRadiance.dylib
0x00007fff6ea4a000 	/usr/lib/libexpat.1.dylib
0x00007fff4cdb9000 	/System/Library/PrivateFrameworks/AppleJPEG.framework/Versions/A/AppleJPEG
0x00007fff556c2000 	/System/Library/PrivateFrameworks/FontServices.framework/libFontParser.dylib
0x00007fff6c420000 	/System/Library/PrivateFrameworks/WatchdogClient.framework/Versions/A/WatchdogClient
0x00007fff5dc0a000 	/System/Library/PrivateFrameworks/IOAccelerator.framework/Versions/A/IOAccelerator
0x00007fff3f2c8000 	/System/Library/Frameworks/MetalPerformanceShaders.framework/Versions/A/MetalPerformanceShaders
0x00007fff5a40f000 	/System/Library/PrivateFrameworks/GPUWrangler.framework/Versions/A/GPUWrangler
0x00007fff5dc15000 	/System/Library/PrivateFrameworks/IOPresentment.framework/Versions/A/IOPresentment
0x00007fff53154000 	/System/Library/PrivateFrameworks/DSExternalDisplay.framework/Versions/A/DSExternalDisplay
0x00007fff43767000 	/System/Library/Frameworks/OpenGL.framework/Versions/A/Libraries/libCoreFSCache.dylib
0x00007fff3f01a000 	/System/Library/Frameworks/MetalPerformanceShaders.framework/Frameworks/MPSCore.framework/Versions/A/MPSCore
0x00007fff3f057000 	/System/Library/Frameworks/MetalPerformanceShaders.framework/Frameworks/MPSImage.framework/Versions/A/MPSImage
0x00007fff3f119000 	/System/Library/Frameworks/MetalPerformanceShaders.framework/Frameworks/MPSNeuralNetwork.framework/Versions/A/MPSNeuralNetwork
0x00007fff3f0de000 	/System/Library/Frameworks/MetalPerformanceShaders.framework/Frameworks/MPSMatrix.framework/Versions/A/MPSMatrix
0x00007fff3f279000 	/System/Library/Frameworks/MetalPerformanceShaders.framework/Frameworks/MPSRayIntersector.framework/Versions/A/MPSRayIntersector
0x00007fff3f103000 	/System/Library/Frameworks/MetalPerformanceShaders.framework/Frameworks/MPSNDArray.framework/Versions/A/MPSNDArray
0x00007fff5fa3b000 	/System/Library/PrivateFrameworks/MetalTools.framework/Versions/A/MetalTools
0x00007fff4c26f000 	/System/Library/PrivateFrameworks/AggregateDictionary.framework/Versions/A/AggregateDictionary
0x00007fff50c24000 	/System/Library/PrivateFrameworks/CoreAnalytics.framework/Versions/A/CoreAnalytics
0x00007fff4d1df000 	/System/Library/PrivateFrameworks/AppleSauce.framework/Versions/A/AppleSauce
0x00007fff6da27000 	/usr/lib/libIOReport.dylib
0x00007fff3bb1b000 	/System/Library/Frameworks/CoreVideo.framework/Versions/A/CoreVideo
0x00007fff5b874000 	/System/Library/PrivateFrameworks/GraphVisualizer.framework/Versions/A/GraphVisualizer
0x00007fff54c41000 	/System/Library/PrivateFrameworks/FaceCore.framework/Versions/A/FaceCore
0x00007fff42d88000 	/System/Library/Frameworks/OpenCL.framework/Versions/A/OpenCL
0x00007fff6d849000 	/usr/lib/libFosl_dynamic.dylib
0x00007fff60e59000 	/System/Library/PrivateFrameworks/OTSVG.framework/Versions/A/OTSVG
0x00007fff37c40000 	/System/Library/Frameworks/ApplicationServices.framework/Versions/A/Frameworks/ATS.framework/Versions/A/Resources/libFontRegistry.dylib
0x00007fff55893000 	/System/Library/PrivateFrameworks/FontServices.framework/libhvf.dylib
0x00007fff43772000 	/System/Library/Frameworks/OpenGL.framework/Versions/A/Libraries/libGFXShared.dylib
0x00007fff4394f000 	/System/Library/Frameworks/OpenGL.framework/Versions/A/Libraries/libGLU.dylib
0x00007fff4377b000 	/System/Library/Frameworks/OpenGL.framework/Versions/A/Libraries/libGL.dylib
0x00007fff43786000 	/System/Library/Frameworks/OpenGL.framework/Versions/A/Libraries/libGLImage.dylib
0x00007fff43764000 	/System/Library/Frameworks/OpenGL.framework/Versions/A/Libraries/libCVMSPluginSupport.dylib
0x00007fff4376d000 	/System/Library/Frameworks/OpenGL.framework/Versions/A/Libraries/libCoreVMClient.dylib
0x00007fff6f49b000 	/usr/lib/libncurses.5.4.dylib
0x00007fff37b3c000 	/System/Library/Frameworks/ApplicationServices.framework/Versions/A/Frameworks/ATS.framework/Versions/A/ATS
0x00007fff37d09000 	/System/Library/Frameworks/ApplicationServices.framework/Versions/A/Frameworks/ColorSyncLegacy.framework/Versions/A/ColorSyncLegacy
0x00007fff37da8000 	/System/Library/Frameworks/ApplicationServices.framework/Versions/A/Frameworks/HIServices.framework/Versions/A/HIServices
0x00007fff37dff000 	/System/Library/Frameworks/ApplicationServices.framework/Versions/A/Frameworks/LangAnalysis.framework/Versions/A/LangAnalysis
0x00007fff37e0e000 	/System/Library/Frameworks/ApplicationServices.framework/Versions/A/Frameworks/PrintCore.framework/Versions/A/PrintCore
0x00007fff37e54000 	/System/Library/Frameworks/ApplicationServices.framework/Versions/A/Frameworks/QD.framework/Versions/A/QD
0x00007fff37e5f000 	/System/Library/Frameworks/ApplicationServices.framework/Versions/A/Frameworks/SpeechSynthesis.framework/Versions/A/SpeechSynthesis
0x00007fff37cd9000 	/System/Library/Frameworks/ApplicationServices.framework/Versions/A/Frameworks/ATSUI.framework/Versions/A/ATSUI
0x00007fff6e8de000 	/usr/lib/libcups.2.dylib
0x00007fff3e379000 	/System/Library/Frameworks/Kerberos.framework/Versions/A/Kerberos
0x00007fff3c5fb000 	/System/Library/Frameworks/GSS.framework/Versions/A/GSS
0x00007fff6fc0a000 	/usr/lib/libresolv.9.dylib
0x00007fff5ba15000 	/System/Library/PrivateFrameworks/Heimdal.framework/Versions/A/Heimdal
0x00007fff3e38c000 	/System/Library/Frameworks/Kerberos.framework/Versions/A/Libraries/libHeimdalProxy.dylib
0x00007fff6ea88000 	/usr/lib/libheimdal-asn1.dylib
0x00007fff500c8000 	/System/Library/PrivateFrameworks/CommonAuth.framework/Versions/A/CommonAuth
0x00007fff4d35e000 	/System/Library/PrivateFrameworks/AssertionServices.framework/Versions/A/AssertionServices
0x00007fff4defe000 	/System/Library/PrivateFrameworks/AudioToolboxCore.framework/Versions/A/AudioToolboxCore
0x00007fff6d074000 	/System/Library/PrivateFrameworks/caulk.framework/Versions/A/caulk
0x00007fff4e4bc000 	/System/Library/PrivateFrameworks/BaseBoard.framework/Versions/A/BaseBoard
0x00007fff64f34000 	/System/Library/PrivateFrameworks/RunningBoardServices.framework/Versions/A/RunningBoardServices
0x00007fff62040000 	/System/Library/PrivateFrameworks/PersistentConnection.framework/Versions/A/PersistentConnection
0x00007fff64988000 	/System/Library/PrivateFrameworks/ProtocolBuffer.framework/Versions/A/ProtocolBuffer
0x00007fff500ed000 	/System/Library/PrivateFrameworks/CommonUtilities.framework/Versions/A/CommonUtilities
0x00007fff4e63f000 	/System/Library/PrivateFrameworks/Bom.framework/Versions/A/Bom
0x00007fff6d6f7000 	/usr/lib/libAudioToolboxUtility.dylib
0x00007fff4e41a000 	/System/Library/PrivateFrameworks/Backup.framework/Versions/A/Backup
0x00007fff52ec2000 	/System/Library/PrivateFrameworks/CrashReporterSupport.framework/Versions/A/CrashReporterSupport
0x00007fff669ce000 	/System/Library/PrivateFrameworks/Sharing.framework/Versions/A/Sharing
0x00007fff4cb04000 	/System/Library/PrivateFrameworks/Apple80211.framework/Versions/A/Apple80211
0x00007fff4e13c000 	/System/Library/PrivateFrameworks/AuthKit.framework/Versions/A/AuthKit
0x00007fff52bf2000 	/System/Library/PrivateFrameworks/CoreUtils.framework/Versions/A/CoreUtils
0x00007fff3bb60000 	/System/Library/Frameworks/CoreWLAN.framework/Versions/A/CoreWLAN
0x00007fff3c785000 	/System/Library/Frameworks/IOBluetooth.framework/Versions/A/IOBluetooth
0x00007fff5fd39000 	/System/Library/PrivateFrameworks/MobileKeyBag.framework/Versions/A/MobileKeyBag
0x00007fff51ccb000 	/System/Library/PrivateFrameworks/CorePhoneNumbers.framework/Versions/A/CorePhoneNumbers
0x00007fff4cd6c000 	/System/Library/PrivateFrameworks/AppleIDAuthSupport.framework/Versions/A/AppleIDAuthSupport
0x00007fff4021c000 	/System/Library/Frameworks/Network.framework/Versions/A/Network
0x00007fff5e404000 	/System/Library/PrivateFrameworks/KeychainCircle.framework/Versions/A/KeychainCircle
0x00007fff395e0000 	/System/Library/Frameworks/CoreBluetooth.framework/Versions/A/CoreBluetooth
0x00007fff68666000 	/System/Library/PrivateFrameworks/SpeechRecognitionCore.framework/Versions/A/SpeechRecognitionCore
0x00000001066cb000 	/Library/Java/JavaVirtualMachines/jdk-13.0.1.jdk/Contents/Home/lib/server/libjvm.dylib
0x00000001059b1000 	/Library/Java/JavaVirtualMachines/jdk-13.0.1.jdk/Contents/Home/lib/libverify.dylib
0x00000001059bd000 	/Library/Java/JavaVirtualMachines/jdk-13.0.1.jdk/Contents/Home/lib/libjava.dylib
0x0000000106200000 	/Library/Java/JavaVirtualMachines/jdk-13.0.1.jdk/Contents/Home/lib/libinstrument.dylib
0x00000001059f9000 	/Library/Java/JavaVirtualMachines/jdk-13.0.1.jdk/Contents/Home/lib/libzip.dylib
0x0000000106283000 	/Library/Java/JavaVirtualMachines/jdk-13.0.1.jdk/Contents/Home/lib/libjimage.dylib
0x00000001281c1000 	/Library/Java/JavaVirtualMachines/jdk-13.0.1.jdk/Contents/Home/lib/libnio.dylib
0x00000001281cf000 	/Library/Java/JavaVirtualMachines/jdk-13.0.1.jdk/Contents/Home/lib/libnet.dylib
0x0000000128284000 	/Library/Java/JavaVirtualMachines/jdk-13.0.1.jdk/Contents/Home/lib/libextnet.dylib
0x0000000128287000 	/Library/Java/JavaVirtualMachines/jdk-13.0.1.jdk/Contents/Home/lib/libawt.dylib
0x000000012831d000 	/Library/Java/JavaVirtualMachines/jdk-13.0.1.jdk/Contents/Home/lib/libmlib_image.dylib
0x00007fff3e362000 	/System/Library/Frameworks/JavaVM.framework/Versions/A/Frameworks/JavaNativeFoundation.framework/Versions/A/JavaNativeFoundation
0x00007fff3e36b000 	/System/Library/Frameworks/JavaVM.framework/Versions/A/Frameworks/JavaRuntimeSupport.framework/Versions/A/JavaRuntimeSupport
0x00007fff3e374000 	/System/Library/Frameworks/JavaVM.framework/Versions/A/JavaVM
0x00007fff5e267000 	/System/Library/PrivateFrameworks/JavaLaunching.framework/Versions/A/JavaLaunching
0x00007fff386b6000 	/System/Library/Frameworks/Carbon.framework/Versions/A/Carbon
0x00007fff529a6000 	/System/Library/PrivateFrameworks/CoreSymbolication.framework/Versions/A/CoreSymbolication
0x00007fff386b7000 	/System/Library/Frameworks/Carbon.framework/Versions/A/Frameworks/CommonPanels.framework/Versions/A/CommonPanels
0x00007fff389b0000 	/System/Library/Frameworks/Carbon.framework/Versions/A/Frameworks/Help.framework/Versions/A/Help
0x00007fff389b4000 	/System/Library/Frameworks/Carbon.framework/Versions/A/Frameworks/ImageCapture.framework/Versions/A/ImageCapture
0x00007fff389bb000 	/System/Library/Frameworks/Carbon.framework/Versions/A/Frameworks/OpenScripting.framework/Versions/A/OpenScripting
0x00007fff389ba000 	/System/Library/Frameworks/Carbon.framework/Versions/A/Frameworks/Ink.framework/Versions/A/Ink
0x00007fff389f6000 	/System/Library/Frameworks/Carbon.framework/Versions/A/Frameworks/Print.framework/Versions/A/Print
0x00007fff389f7000 	/System/Library/Frameworks/Carbon.framework/Versions/A/Frameworks/SecurityHI.framework/Versions/A/SecurityHI
0x00007fff53289000 	/System/Library/PrivateFrameworks/DebugSymbols.framework/Versions/A/DebugSymbols
0x0000000128383000 	/Library/Java/JavaVirtualMachines/jdk-13.0.1.jdk/Contents/Home/lib/libawt_lwawt.dylib
0x000000012842d000 	/Library/Java/JavaVirtualMachines/jdk-13.0.1.jdk/Contents/Home/lib/libosxapp.dylib
0x00007fff3c069000 	/System/Library/Frameworks/ExceptionHandling.framework/Versions/A/ExceptionHandling
0x0000000128448000 	/Library/Java/JavaVirtualMachines/jdk-13.0.1.jdk/Contents/Home/lib/libfontmanager.dylib
0x0000000128546000 	/Library/Java/JavaVirtualMachines/jdk-13.0.1.jdk/Contents/Home/lib/libfreetype.dylib
0x00007fff52443000 	/System/Library/PrivateFrameworks/CoreServicesInternal.framework/Versions/A/CoreServicesInternal
0x00007fff3c088000 	/System/Library/Frameworks/FileProvider.framework/Versions/A/FileProvider
0x00007fff36b8f000 	/System/Library/Frameworks/Accounts.framework/Versions/A/Accounts
0x00007fff5a730000 	/System/Library/PrivateFrameworks/GenerationalStorage.framework/Versions/A/GenerationalStorage
0x00007fff68e97000 	/System/Library/PrivateFrameworks/SymptomDiagnosticReporter.framework/Versions/A/SymptomDiagnosticReporter
0x00007fff4c5fd000 	/System/Library/PrivateFrameworks/AppContainer.framework/Versions/A/AppContainer
0x00007fff6fc24000 	/usr/lib/libsandbox.1.dylib
0x00007fff6b3bf000 	/System/Library/PrivateFrameworks/UserManagement.framework/Versions/A/UserManagement
0x00007fff4f1f0000 	/System/Library/PrivateFrameworks/ChunkingLibrary.framework/Versions/A/ChunkingLibrary
0x00007fff4c66f000 	/System/Library/PrivateFrameworks/AppSandbox.framework/Versions/A/AppSandbox
0x00007fff66883000 	/System/Library/PrivateFrameworks/SecCodeWrapper.framework/Versions/A/SecCodeWrapper
0x00007fff6db0d000 	/usr/lib/libMatch.1.dylib
0x00007fff2e1e1000 	/System/Library/CoreServices/RawCamera.bundle/Contents/MacOS/RawCamera
0x00007fff5fb63000 	/System/Library/PrivateFrameworks/MobileAsset.framework/Versions/A/MobileAsset
0x00007fff68d45000 	/System/Library/PrivateFrameworks/StreamingZip.framework/Versions/A/StreamingZip
0x00007fff3e7f5000 	/System/Library/Frameworks/MediaToolbox.framework/Versions/A/MediaToolbox
0x00007fff50bd3000 	/System/Library/PrivateFrameworks/CoreAVCHD.framework/Versions/A/CoreAVCHD
0x00007fff3e71f000 	/System/Library/Frameworks/MediaAccessibility.framework/Versions/A/MediaAccessibility
0x00007fff5ef35000 	/System/Library/PrivateFrameworks/Mangrove.framework/Versions/A/Mangrove
0x00007fff3ad2c000 	/System/Library/Frameworks/CoreMedia.framework/Versions/A/CoreMedia
0x00007fff5f19a000 	/System/Library/PrivateFrameworks/MediaExperience.framework/Versions/A/MediaExperience
0x00007fff475ef000 	/System/Library/Frameworks/VideoToolbox.framework/Versions/A/VideoToolbox
0x00007fff507fd000 	/System/Library/PrivateFrameworks/CoreAUC.framework/Versions/A/CoreAUC
0x00007fff6fc7c000 	/usr/lib/libspindump.dylib
0x00007fff4d8a9000 	/System/Library/PrivateFrameworks/AudioResourceArbitration.framework/Versions/A/AudioResourceArbitration
0x00007fff4d2c5000 	/System/Library/PrivateFrameworks/AppleVA.framework/Versions/A/AppleVA
0x00007fff358d5000 	/System/Library/Frameworks/Accelerate.framework/Versions/A/Frameworks/vImage.framework/Versions/A/Libraries/libCGInterfaces.dylib
0x0000000128ee9000 	/usr/lib/libobjc-trampolines.dylib
0x00007fff557fa000 	/System/Library/PrivateFrameworks/FontServices.framework/libTrueTypeScaler.dylib
0x00007fff32823000 	/System/Library/Extensions/AppleIntelKBLGraphicsMTLDriver.bundle/Contents/MacOS/AppleIntelKBLGraphicsMTLDriver
0x00007fff58d67000 	/System/Library/PrivateFrameworks/GPUCompiler.framework/Versions/3902/Libraries/libmetal_timestamp.dylib
0x00007fff6c191000 	/System/Library/PrivateFrameworks/ViewBridge.framework/Versions/A/ViewBridge
0x000000012b1c3000 	/Users/Gwenael/Documents/java POO Echec/jeu/projet1/jeuechecPOO/lib/liblwjgl.jnilib
0x000000012b23e000 	/Library/Java/JavaVirtualMachines/jdk-13.0.1.jdk/Contents/Home/lib/libjawt.dylib
0x00007fff443cb000 	/System/Library/Frameworks/OpenGL.framework/Versions/A/Resources/GLEngine.bundle/GLEngine
0x00007fff437bc000 	/System/Library/Frameworks/OpenGL.framework/Versions/A/Libraries/libGLProgrammability.dylib
0x00007fff319fa000 	/System/Library/Extensions/AppleIntelKBLGraphicsGLDriver.bundle/Contents/MacOS/AppleIntelKBLGraphicsGLDriver
0x00007fff5a403000 	/System/Library/PrivateFrameworks/GPUSupport.framework/Versions/A/Libraries/libGPUSupportMercury.dylib
0x00007fff44545000 	/System/Library/Frameworks/OpenGL.framework/Versions/A/Resources/GLRendererFloat.bundle/GLRendererFloat
0x00007fff42d7f000 	/System/Library/Frameworks/OpenCL.framework/Versions/A/Libraries/libcldcpuengine.dylib
0x00007fff6e4c3000 	/usr/lib/libcrypto.35.dylib
0x00007fff6989b000 	/System/Library/PrivateFrameworks/TrustEvaluationAgent.framework/Versions/A/TrustEvaluationAgent
0x00007fff6d3c5000 	/System/Library/PrivateFrameworks/login.framework/Versions/A/login


VM Arguments:
jvm_args: -Djava.library.path=lib -javaagent:/Applications/IntelliJ IDEA CE.app/Contents/lib/idea_rt.jar=54029:/Applications/IntelliJ IDEA CE.app/Contents/bin -Dfile.encoding=UTF-8 
java_command: fr.rphstudio.chess.launcher.MainLauncher
java_class_path (initial): /Users/Gwenael/Documents/java POO Echec/jeu/projet1/jeuechecPOO/target/classes:/Users/Gwenael/.m2/repository/org/slick2d/slick2d-core/1.0.0/slick2d-core-1.0.0.jar:/Users/Gwenael/.m2/repository/org/lwjgl/lwjgl/lwjgl/2.9.0/lwjgl-2.9.0.jar:/Users/Gwenael/.m2/repository/org/lwjgl/lwjgl/lwjgl-platform/2.9.0/lwjgl-platform-2.9.0-natives-windows.jar:/Users/Gwenael/.m2/repository/org/lwjgl/lwjgl/lwjgl-platform/2.9.0/lwjgl-platform-2.9.0-natives-linux.jar:/Users/Gwenael/.m2/repository/org/lwjgl/lwjgl/lwjgl-platform/2.9.0/lwjgl-platform-2.9.0-natives-osx.jar:/Users/Gwenael/.m2/repository/net/java/jinput/jinput/2.0.5/jinput-2.0.5.jar:/Users/Gwenael/.m2/repository/net/java/jutils/jutils/1.0.0/jutils-1.0.0.jar:/Users/Gwenael/.m2/repository/net/java/jinput/jinput-platform/2.0.5/jinput-platform-2.0.5-natives-linux.jar:/Users/Gwenael/.m2/repository/net/java/jinput/jinput-platform/2.0.5/jinput-platform-2.0.5-natives-windows.jar:/Users/Gwenael/.m2/repository/net/java/jinput/jinput-platform/2.0.5/jinput-platform-2.0.5-natives-osx.jar:/Users/Gwenael/.m2/repository/org/jcraft/jorbis/0.0.17/jorbis-0.0.17.jar:/Users/Gwenael/.m2/repository/org/dyn4j/dyn4j/3.2.3/dyn4j-3.2.3.jar
Launcher Type: SUN_STANDARD

[Global flags]
     intx CICompilerCount                          = 3                                         {product} {ergonomic}
     uint ConcGCThreads                            = 1                                         {product} {ergonomic}
     uint G1ConcRefinementThreads                  = 4                                         {product} {ergonomic}
   size_t G1HeapRegionSize                         = 1048576                                   {product} {ergonomic}
    uintx GCDrainStackTargetSize                   = 64                                        {product} {ergonomic}
   size_t InitialHeapSize                          = 134217728                                 {product} {ergonomic}
   size_t MarkStackSize                            = 4194304                                   {product} {ergonomic}
   size_t MaxHeapSize                              = 2147483648                                {product} {ergonomic}
   size_t MaxNewSize                               = 1287651328                                {product} {ergonomic}
   size_t MinHeapDeltaBytes                        = 1048576                                   {product} {ergonomic}
   size_t MinHeapSize                              = 8388608                                   {product} {ergonomic}
    uintx NonNMethodCodeHeapSize                   = 5830732                                {pd product} {ergonomic}
    uintx NonProfiledCodeHeapSize                  = 122913754                              {pd product} {ergonomic}
    uintx ProfiledCodeHeapSize                     = 122913754                              {pd product} {ergonomic}
    uintx ReservedCodeCacheSize                    = 251658240                              {pd product} {ergonomic}
     bool SegmentedCodeCache                       = true                                      {product} {ergonomic}
   size_t SoftMaxHeapSize                          = 2147483648                             {manageable} {ergonomic}
     bool UseCompressedClassPointers               = true                                 {lp64_product} {ergonomic}
     bool UseCompressedOops                        = true                                 {lp64_product} {ergonomic}
     bool UseG1GC                                  = true                                      {product} {ergonomic}

Logging:
Log output configuration:
 #0: stdout all=warning uptime,level,tags
 #1: stderr all=off uptime,level,tags

Environment Variables:
PATH=/Library/Frameworks/Python.framework/Versions/3.7/bin:/usr/local/bin:/usr/bin:/bin:/usr/sbin:/sbin:/usr/local/share/dotnet:~/.dotnet/tools:/Library/Frameworks/Mono.framework/Versions/Current/Commands:/Applications/Xamarin Workbooks.app/Contents/SharedSupport/path-bin
SHELL=/bin/bash

Signal Handlers:
SIGSEGV: [libjvm.dylib+0x781570], sa_mask[0]=11111111011111110111111111111111, sa_flags=SA_ONSTACK|SA_RESTART|SA_SIGINFO
SIGBUS: [libjvm.dylib+0x781570], sa_mask[0]=11111111011111110111111111111111, sa_flags=SA_RESTART|SA_SIGINFO
SIGFPE: [libjvm.dylib+0x781570], sa_mask[0]=11111111011111110111111111111111, sa_flags=SA_RESTART|SA_SIGINFO
SIGPIPE: [libjvm.dylib+0x627f75], sa_mask[0]=11111111011111110111111111111111, sa_flags=SA_RESTART|SA_SIGINFO
SIGXFSZ: [libjvm.dylib+0x627f75], sa_mask[0]=11111111011111110111111111111111, sa_flags=SA_RESTART|SA_SIGINFO
SIGILL: [libjvm.dylib+0x781570], sa_mask[0]=11111111011111110111111111111111, sa_flags=SA_RESTART|SA_SIGINFO
SIGUSR2: [libjvm.dylib+0x62855f], sa_mask[0]=00100000000000000000000000000000, sa_flags=SA_RESTART|SA_SIGINFO
SIGHUP: [libjvm.dylib+0x62754d], sa_mask[0]=11111111011111110111111111111111, sa_flags=SA_RESTART|SA_SIGINFO
SIGINT: [libjvm.dylib+0x62754d], sa_mask[0]=11111111011111110111111111111111, sa_flags=SA_RESTART|SA_SIGINFO
SIGTERM: [libjvm.dylib+0x62754d], sa_mask[0]=11111111011111110111111111111111, sa_flags=SA_RESTART|SA_SIGINFO
SIGQUIT: [libjvm.dylib+0x62754d], sa_mask[0]=11111111011111110111111111111111, sa_flags=SA_RESTART|SA_SIGINFO


---------------  S Y S T E M  ---------------

OS:uname:Darwin 19.0.0 Darwin Kernel Version 19.0.0: Thu Oct 17 16:17:15 PDT 2019; root:xnu-6153.41.3~29/RELEASE_X86_64 x86_64
rlimit: STACK 8192k, CORE 0k, NPROC 1392, NOFILE 10240, AS infinity, DATA infinity, FSIZE infinity
load average:1.98 2.45 2.27

CPU:total 4 (initial active 4) (2 cores per cpu, 2 threads per core) family 6 model 142 stepping 9, cmov, cx8, fxsr, mmx, sse, sse2, sse3, ssse3, sse4.1, sse4.2, popcnt, avx, avx2, aes, clmul, erms, rtm, 3dnowpref, lzcnt, ht, tsc, tscinvbit, bmi1, bmi2, adx, fma

Memory: 4k page, physical 8388608k(339216k free), swap 3145728k(1286912k free)

vm_info: Java HotSpot(TM) 64-Bit Server VM (13.0.1+9) for bsd-amd64 JRE (13.0.1+9), built on Oct  6 2019 11:43:59 by "mach5one" with clang 4.2.1 Compatible Apple LLVM 10.0.0 (clang-1000.11.45.5)

END.
